#
# There is insufficient memory for the Java Runtime Environment to continue.
# Native memory allocation (mmap) failed to map 65536 bytes for Failed to commit metaspace.
# Possible reasons:
#   The system is out of physical RAM or swap space
#   The process is running with CompressedOops enabled, and the Java Heap may be blocking the growth of the native heap
# Possible solutions:
#   Reduce memory load on the system
#   Increase physical memory or swap space
#   Check if swap backing store is full
#   Decrease Java heap size (-Xmx/-Xms)
#   Decrease number of Java threads
#   Decrease Java thread stack sizes (-Xss)
#   Set larger code cache with -XX:ReservedCodeCacheSize=
#   JVM is running with Unscaled Compressed Oops mode in which the Java heap is
#     placed in the first 4GB address space. The Java Heap base address is the
#     maximum limit for the native heap growth. Please use -XX:HeapBaseMinAddress
#     to set the Java Heap base and to place the Java Heap above 4GB virtual address.
# This output file may be truncated or incomplete.
#
#  Out of Memory Error (virtualSpaceNode.cpp:110), pid=12192, tid=15992
#
# JRE version: OpenJDK Runtime Environment (18.0.1.1+2) (build 18.0.1.1+2-6)
# Java VM: OpenJDK 64-Bit Server VM (18.0.1.1+2-6, mixed mode, emulated-client, sharing, tiered, compressed oops, compressed class ptrs, g1 gc, windows-amd64)
# No core dump will be written. Minidumps are not enabled by default on client versions of Windows
#

---------------  S U M M A R Y ------------

Command Line: -XX:TieredStopAtLevel=1 -Xverify:none -Dspring.output.ansi.enabled=always -Dcom.sun.management.jmxremote -Dspring.jmx.enabled=true -Dspring.liveBeansView.mbeanDomain -Dspring.application.admin.enabled=true -javaagent:C:\Program Files\JetBrains\IntelliJ IDEA 2022.1.3\lib\idea_rt.jar=62362:C:\Program Files\JetBrains\IntelliJ IDEA 2022.1.3\bin -Dfile.encoding=UTF-8 spring.postgres.app.spring.project.Application

Host: Intel(R) Core(TM) i7-4600U CPU @ 2.10GHz, 4 cores, 7G,  Windows 10 , 64 bit Build 19041 (10.0.19041.1741)
Time: Sat Jun 25 12:20:35 2022 W. Europe Daylight Time elapsed time: 2.739829 seconds (0d 0h 0m 2s)

---------------  T H R E A D  ---------------

Current thread (0x00000204f48629b0):  JavaThread "restartedMain" [_thread_in_vm, id=15992, stack(0x0000009074400000,0x0000009074500000)]

Stack: [0x0000009074400000,0x0000009074500000]
Native frames: (J=compiled Java code, j=interpreted, Vv=VM code, C=native code)
V  [jvm.dll+0x69887a]
V  [jvm.dll+0x7f38bd]
V  [jvm.dll+0x7f51ce]
V  [jvm.dll+0x7f5883]
V  [jvm.dll+0x25ca3f]
V  [jvm.dll+0x7ef5cb]
V  [jvm.dll+0x63ea76]
V  [jvm.dll+0x1d721e]
V  [jvm.dll+0x64141b]
V  [jvm.dll+0x64121e]
V  [jvm.dll+0x63f43e]
V  [jvm.dll+0x20282e]
V  [jvm.dll+0x2032ef]
V  [jvm.dll+0x1f8781]
V  [jvm.dll+0x55d685]
V  [jvm.dll+0x76db23]
V  [jvm.dll+0x76dc04]
V  [jvm.dll+0x42d234]
V  [jvm.dll+0x432f3f]
C  [java.dll+0x17ec]

Java frames: (J=compiled Java code, j=interpreted, Vv=VM code)
J 1287  java.lang.ClassLoader.defineClass1(Ljava/lang/ClassLoader;Ljava/lang/String;[BIILjava/security/ProtectionDomain;Ljava/lang/String;)Ljava/lang/Class; java.base@18.0.1.1 (0 bytes) @ 0x00000204e64b5ce3 [0x00000204e64b5c20+0x00000000000000c3]
J 1344 c1 java.lang.ClassLoader.defineClass(Ljava/lang/String;[BIILjava/security/ProtectionDomain;)Ljava/lang/Class; java.base@18.0.1.1 (43 bytes) @ 0x00000204e64cd3dc [0x00000204e64cd2e0+0x00000000000000fc]
J 1334 c1 jdk.internal.loader.BuiltinClassLoader.defineClass(Ljava/lang/String;Ljdk/internal/loader/Resource;)Ljava/lang/Class; java.base@18.0.1.1 (121 bytes) @ 0x00000204e64c9ae4 [0x00000204e64c9620+0x00000000000004c4]
J 1304 c1 jdk.internal.loader.BuiltinClassLoader.findClassOnClassPathOrNull(Ljava/lang/String;)Ljava/lang/Class; java.base@18.0.1.1 (64 bytes) @ 0x00000204e64bc7d4 [0x00000204e64bc540+0x0000000000000294]
J 1064 c1 jdk.internal.loader.BuiltinClassLoader.loadClassOrNull(Ljava/lang/String;Z)Ljava/lang/Class; java.base@18.0.1.1 (143 bytes) @ 0x00000204e645b70c [0x00000204e645b360+0x00000000000003ac]
J 1140 c1 jdk.internal.loader.ClassLoaders$AppClassLoader.loadClass(Ljava/lang/String;Z)Ljava/lang/Class; java.base@18.0.1.1 (40 bytes) @ 0x00000204e647af7c [0x00000204e647af40+0x000000000000003c]
J 1131 c1 java.lang.ClassLoader.loadClass(Ljava/lang/String;)Ljava/lang/Class; java.base@18.0.1.1 (7 bytes) @ 0x00000204e6476ce4 [0x00000204e6476ca0+0x0000000000000044]
v  ~StubRoutines::call_stub
j  java.lang.Class.getDeclaredMethods0(Z)[Ljava/lang/reflect/Method;+0 java.base@18.0.1.1
J 1374 c1 java.lang.Class.privateGetDeclaredMethods(Z)[Ljava/lang/reflect/Method; java.base@18.0.1.1 (64 bytes) @ 0x00000204e64db89c [0x00000204e64db800+0x000000000000009c]
j  java.lang.Class.getDeclaredMethods()[Ljava/lang/reflect/Method;+20 java.base@18.0.1.1
j  org.springframework.util.ReflectionUtils.getDeclaredMethods(Ljava/lang/Class;Z)[Ljava/lang/reflect/Method;+24
j  org.springframework.util.ReflectionUtils.doWithMethods(Ljava/lang/Class;Lorg/springframework/util/ReflectionUtils$MethodCallback;Lorg/springframework/util/ReflectionUtils$MethodFilter;)V+16
j  org.springframework.util.ReflectionUtils.getUniqueDeclaredMethods(Ljava/lang/Class;Lorg/springframework/util/ReflectionUtils$MethodFilter;)[Ljava/lang/reflect/Method;+18
j  org.springframework.beans.factory.support.AbstractAutowireCapableBeanFactory.lambda$getTypeForFactoryMethod$2(Ljava/lang/Class;)[Ljava/lang/reflect/Method;+4
j  org.springframework.beans.factory.support.AbstractAutowireCapableBeanFactory$$Lambda$426+0x0000000800e3b8e8.apply(Ljava/lang/Object;)Ljava/lang/Object;+4
J 1115 c1 java.util.concurrent.ConcurrentHashMap.computeIfAbsent(Ljava/lang/Object;Ljava/util/function/Function;)Ljava/lang/Object; java.base@18.0.1.1 (576 bytes) @ 0x00000204e647259c [0x00000204e64722a0+0x00000000000002fc]
j  org.springframework.beans.factory.support.AbstractAutowireCapableBeanFactory.getTypeForFactoryMethod(Ljava/lang/String;Lorg/springframework/beans/factory/support/RootBeanDefinition;[Ljava/lang/Class;)Ljava/lang/Class;+137
J 2786 c1 org.springframework.beans.factory.support.AbstractAutowireCapableBeanFactory.determineTargetType(Ljava/lang/String;Lorg/springframework/beans/factory/support/RootBeanDefinition;[Ljava/lang/Class;)Ljava/lang/Class; (60 bytes) @ 0x00000204e672f76c [0x00000204e672f6c0+0x00000000000000ac]
J 2785 c1 org.springframework.beans.factory.support.AbstractAutowireCapableBeanFactory.predictBeanType(Ljava/lang/String;Lorg/springframework/beans/factory/support/RootBeanDefinition;[Ljava/lang/Class;)Ljava/lang/Class; (126 bytes) @ 0x00000204e6730824 [0x00000204e67307c0+0x0000000000000064]
J 2768 c1 org.springframework.beans.factory.support.AbstractBeanFactory.isFactoryBean(Ljava/lang/String;Lorg/springframework/beans/factory/support/RootBeanDefinition;)Z (60 bytes) @ 0x00000204e6722764 [0x00000204e67225e0+0x0000000000000184]
j  org.springframework.beans.factory.support.DefaultListableBeanFactory.doGetBeanNamesForType(Lorg/springframework/core/ResolvableType;ZZ)[Ljava/lang/String;+111
j  org.springframework.beans.factory.support.DefaultListableBeanFactory.getBeanNamesForType(Ljava/lang/Class;ZZ)[Ljava/lang/String;+22
j  org.springframework.boot.autoconfigure.condition.OnBeanCondition.collectBeanNamesForType(Lorg/springframework/beans/factory/ListableBeanFactory;ZLjava/lang/Class;Ljava/util/Set;Ljava/util/Set;)Ljava/util/Set;+6
j  org.springframework.boot.autoconfigure.condition.OnBeanCondition.getBeanNamesForType(Lorg/springframework/beans/factory/ListableBeanFactory;ZLjava/lang/Class;Ljava/util/Set;)Ljava/util/Set;+7
j  org.springframework.boot.autoconfigure.condition.OnBeanCondition.getBeanNamesForType(Ljava/lang/ClassLoader;ZLorg/springframework/beans/factory/ListableBeanFactory;Ljava/lang/String;Ljava/util/Set;)Ljava/util/Set;+11
j  org.springframework.boot.autoconfigure.condition.OnBeanCondition.getMatchingBeans(Lorg/springframework/context/annotation/ConditionContext;Lorg/springframework/boot/autoconfigure/condition/OnBeanCondition$Spec;)Lorg/springframework/boot/autoconfigure/condition/OnBeanCondition$MatchResult;+143
j  org.springframework.boot.autoconfigure.condition.OnBeanCondition.getMatchOutcome(Lorg/springframework/context/annotation/ConditionContext;Lorg/springframework/core/type/AnnotatedTypeMetadata;)Lorg/springframework/boot/autoconfigure/condition/ConditionOutcome;+385
j  org.springframework.boot.autoconfigure.condition.SpringBootCondition.matches(Lorg/springframework/context/annotation/ConditionContext;Lorg/springframework/core/type/AnnotatedTypeMetadata;)Z+8
j  org.springframework.context.annotation.ConditionEvaluator.shouldSkip(Lorg/springframework/core/type/AnnotatedTypeMetadata;Lorg/springframework/context/annotation/ConfigurationCondition$ConfigurationPhase;)Z+235
j  org.springframework.context.annotation.ConfigurationClassBeanDefinitionReader.loadBeanDefinitionsForBeanMethod(Lorg/springframework/context/annotation/BeanMethod;)V+26
j  org.springframework.context.annotation.ConfigurationClassBeanDefinitionReader.loadBeanDefinitionsForConfigurationClass(Lorg/springframework/context/annotation/ConfigurationClass;Lorg/springframework/context/annotation/ConfigurationClassBeanDefinitionReader$TrackedConditionEvaluator;)V+107
j  org.springframework.context.annotation.ConfigurationClassBeanDefinitionReader.loadBeanDefinitions(Ljava/util/Set;)V+41
j  org.springframework.context.annotation.ConfigurationClassPostProcessor.processConfigBeanDefinitions(Lorg/springframework/beans/factory/support/BeanDefinitionRegistry;)V+386
j  org.springframework.context.annotation.ConfigurationClassPostProcessor.postProcessBeanDefinitionRegistry(Lorg/springframework/beans/factory/support/BeanDefinitionRegistry;)V+107
j  org.springframework.context.support.PostProcessorRegistrationDelegate.invokeBeanDefinitionRegistryPostProcessors(Ljava/util/Collection;Lorg/springframework/beans/factory/support/BeanDefinitionRegistry;Lorg/springframework/core/metrics/ApplicationStartup;)V+59
j  org.springframework.context.support.PostProcessorRegistrationDelegate.invokeBeanFactoryPostProcessors(Lorg/springframework/beans/factory/config/ConfigurableListableBeanFactory;Ljava/util/List;)V+235
j  org.springframework.context.support.AbstractApplicationContext.invokeBeanFactoryPostProcessors(Lorg/springframework/beans/factory/config/ConfigurableListableBeanFactory;)V+5
j  org.springframework.context.support.AbstractApplicationContext.refresh()V+53
j  org.springframework.boot.web.servlet.context.ServletWebServerApplicationContext.refresh()V+1
j  org.springframework.boot.SpringApplication.refresh(Lorg/springframework/context/ConfigurableApplicationContext;)V+1
j  org.springframework.boot.SpringApplication.refreshContext(Lorg/springframework/context/ConfigurableApplicationContext;)V+16
j  org.springframework.boot.SpringApplication.run([Ljava/lang/String;)Lorg/springframework/context/ConfigurableApplicationContext;+107
j  org.springframework.boot.SpringApplication.run([Ljava/lang/Class;[Ljava/lang/String;)Lorg/springframework/context/ConfigurableApplicationContext;+9
j  org.springframework.boot.SpringApplication.run(Ljava/lang/Class;[Ljava/lang/String;)Lorg/springframework/context/ConfigurableApplicationContext;+9
j  spring.postgres.app.spring.project.Application.main([Ljava/lang/String;)V+3
j  java.lang.invoke.LambdaForm$DMH+0x0000000800c03400.invokeStatic(Ljava/lang/Object;Ljava/lang/Object;)V+10 java.base@18.0.1.1
j  java.lang.invoke.LambdaForm$MH+0x0000000800d01800.invoke(Ljava/lang/Object;Ljava/lang/Object;Ljava/lang/Object;)Ljava/lang/Object;+33 java.base@18.0.1.1
j  java.lang.invoke.Invokers$Holder.invokeExact_MT(Ljava/lang/Object;Ljava/lang/Object;Ljava/lang/Object;Ljava/lang/Object;)Ljava/lang/Object;+20 java.base@18.0.1.1
j  jdk.internal.reflect.DirectMethodHandleAccessor.invokeImpl(Ljava/lang/Object;[Ljava/lang/Object;)Ljava/lang/Object;+55 java.base@18.0.1.1
j  jdk.internal.reflect.DirectMethodHandleAccessor.invoke(Ljava/lang/Object;[Ljava/lang/Object;)Ljava/lang/Object;+23 java.base@18.0.1.1
j  java.lang.reflect.Method.invoke(Ljava/lang/Object;[Ljava/lang/Object;)Ljava/lang/Object;+102 java.base@18.0.1.1
j  org.springframework.boot.devtools.restart.RestartLauncher.run()V+42
v  ~StubRoutines::call_stub

---------------  P R O C E S S  ---------------

Threads class SMR info:
_java_thread_list=0x00000204f5407470, length=19, elements={
0x00000204de78ba00, 0x00000204efe67000, 0x00000204efe6dc90, 0x00000204efe803c0,
0x00000204efe81020, 0x00000204efe829d0, 0x00000204efe83370, 0x00000204efe83d10,
0x00000204efea07a0, 0x00000204efe4e9c0, 0x00000204f445e100, 0x00000204f445e5c0,
0x00000204f44a0090, 0x00000204f45f7580, 0x00000204f45f6480, 0x00000204f4812e60,
0x00000204f486ba60, 0x00000204f4a30a80, 0x00000204f48629b0
}

Java Threads: ( => current thread )
  0x00000204de78ba00 JavaThread "main" [_thread_blocked, id=6796, stack(0x0000009072700000,0x0000009072800000)]
  0x00000204efe67000 JavaThread "Reference Handler" daemon [_thread_blocked, id=4856, stack(0x0000009072e00000,0x0000009072f00000)]
  0x00000204efe6dc90 JavaThread "Finalizer" daemon [_thread_blocked, id=16876, stack(0x0000009072f00000,0x0000009073000000)]
  0x00000204efe803c0 JavaThread "Signal Dispatcher" daemon [_thread_blocked, id=6624, stack(0x0000009073000000,0x0000009073100000)]
  0x00000204efe81020 JavaThread "Attach Listener" daemon [_thread_blocked, id=12116, stack(0x0000009073100000,0x0000009073200000)]
  0x00000204efe829d0 JavaThread "Service Thread" daemon [_thread_blocked, id=14236, stack(0x0000009073200000,0x0000009073300000)]
  0x00000204efe83370 JavaThread "Monitor Deflation Thread" daemon [_thread_blocked, id=7056, stack(0x0000009073300000,0x0000009073400000)]
  0x00000204efe83d10 JavaThread "C1 CompilerThread0" daemon [_thread_blocked, id=9288, stack(0x0000009073400000,0x0000009073500000)]
  0x00000204efea07a0 JavaThread "Sweeper thread" daemon [_thread_blocked, id=8036, stack(0x0000009073500000,0x0000009073600000)]
  0x00000204efe4e9c0 JavaThread "Common-Cleaner" daemon [_thread_blocked, id=18304, stack(0x0000009073600000,0x0000009073700000)]
  0x00000204f445e100 JavaThread "Monitor Ctrl-Break" daemon [_thread_in_native, id=13888, stack(0x0000009073700000,0x0000009073800000)]
  0x00000204f445e5c0 JavaThread "Notification Thread" daemon [_thread_blocked, id=16004, stack(0x0000009073800000,0x0000009073900000)]
  0x00000204f44a0090 JavaThread "C1 CompilerThread1" daemon [_thread_blocked, id=6972, stack(0x0000009073900000,0x0000009073a00000)]
  0x00000204f45f7580 JavaThread "C1 CompilerThread2" daemon [_thread_blocked, id=5696, stack(0x0000009073a00000,0x0000009073b00000)]
  0x00000204f45f6480 JavaThread "RMI TCP Accept-0" daemon [_thread_in_native, id=17460, stack(0x0000009073b00000,0x0000009073c00000)]
  0x00000204f4812e60 JavaThread "RMI TCP Connection(1)-172.30.32.1" daemon [_thread_in_native, id=4168, stack(0x0000009074100000,0x0000009074200000)]
  0x00000204f486ba60 JavaThread "RMI Scheduler(0)" daemon [_thread_blocked, id=11672, stack(0x0000009074200000,0x0000009074300000)]
  0x00000204f4a30a80 JavaThread "Thread-0" [_thread_blocked, id=10560, stack(0x0000009074300000,0x0000009074400000)]
=>0x00000204f48629b0 JavaThread "restartedMain" [_thread_in_vm, id=15992, stack(0x0000009074400000,0x0000009074500000)]

Other Threads:
  0x00000204efe64460 VMThread "VM Thread" [stack: 0x0000009072d00000,0x0000009072e00000] [id=16224]
  0x00000204de78cbb0 WatcherThread "VM Periodic Task Thread" [stack: 0x0000009073c00000,0x0000009073d00000] [id=10924]
  0x00000204de7eb3b0 WorkerThread "GC Thread#0" [stack: 0x0000009072800000,0x0000009072900000] [id=6780]
  0x00000204f4774fa0 WorkerThread "GC Thread#1" [stack: 0x0000009073d00000,0x0000009073e00000] [id=7748]
  0x00000204f4775240 WorkerThread "GC Thread#2" [stack: 0x0000009073e00000,0x0000009073f00000] [id=15648]
  0x00000204f4794fb0 WorkerThread "GC Thread#3" [stack: 0x0000009073f00000,0x0000009074000000] [id=8248]
  0x00000204de7fc020 ConcurrentGCThread "G1 Main Marker" [stack: 0x0000009072900000,0x0000009072a00000] [id=10660]
  0x00000204de7fda20 WorkerThread "G1 Conc#0" [stack: 0x0000009072a00000,0x0000009072b00000] [id=3076]
  0x00000204de83a540 ConcurrentGCThread "G1 Refine#0" [stack: 0x0000009072b00000,0x0000009072c00000] [id=16872]
  0x00000204f47761c0 ConcurrentGCThread "G1 Refine#1" [stack: 0x0000009074000000,0x0000009074100000] [id=11108]
  0x00000204de83ae50 ConcurrentGCThread "G1 Service" [stack: 0x0000009072c00000,0x0000009072d00000] [id=2468]

Threads with active compile tasks:

VM state: not at safepoint (normal execution)

VM Mutex/Monitor currently owned by a thread:  ([mutex/lock_event])
[0x00000204de784f90] Metaspace_lock - owner thread: 0x00000204f48629b0

Heap address: 0x0000000081600000, size: 2026 MB, Compressed Oops mode: 32-bit

CDS archive(s) mapped at: [0x0000000800000000-0x0000000800b90000-0x0000000800b90000), size 12124160, SharedBaseAddress: 0x0000000800000000, ArchiveRelocationMode: 0.
Compressed class space mapped at: 0x0000000800c00000-0x0000000840c00000, reserved size: 1073741824
Narrow klass base: 0x0000000800000000, Narrow klass shift: 0, Narrow klass range: 0x100000000

GC Precious Log:
 CardTable entry size: 512
 Card Set container configuration: InlinePtr #cards 5 size 8 Array Of Cards #cards 12 size 40 Howl #buckets 4 coarsen threshold 1843 Howl Bitmap #cards 512 size 80 coarsen threshold 460 Card regions per heap region 1 cards per card region 2048
 CPUs: 4 total, 4 available
 Memory: 8097M
 Large Page Support: Disabled
 NUMA Support: Disabled
 Compressed Oops: Enabled (32-bit)
 Heap Region Size: 1M
 Heap Min Capacity: 8M
 Heap Initial Capacity: 128M
 Heap Max Capacity: 2026M
 Pre-touch: Disabled
 Parallel Workers: 4
 Concurrent Workers: 1
 Concurrent Refinement Workers: 4
 Periodic GC: Disabled

Heap:
 garbage-first heap   total 131072K, used 40490K [0x0000000081600000, 0x0000000100000000)
  region size 1024K, 35 young (35840K), 3 survivors (3072K)
 Metaspace       used 17085K, committed 17408K, reserved 1114112K
  class space    used 2206K, committed 2368K, reserved 1048576K

Heap Regions: E=young(eden), S=young(survivor), O=old, HS=humongous(starts), HC=humongous(continues), CS=collection set, F=free, OA=open archive, CA=closed archive, TAMS=top-at-mark-start (previous, next)
|   0|0x0000000081600000, 0x0000000081700000, 0x0000000081700000|100%|HS|  |TAMS 0x0000000081600000, 0x0000000081600000| Complete 
|   1|0x0000000081700000, 0x0000000081800000, 0x0000000081800000|100%| O|  |TAMS 0x0000000081700000, 0x0000000081700000| Untracked 
|   2|0x0000000081800000, 0x0000000081900000, 0x0000000081900000|100%| O|  |TAMS 0x0000000081800000, 0x0000000081800000| Untracked 
|   3|0x0000000081900000, 0x0000000081a00000, 0x0000000081a00000|100%| O|  |TAMS 0x0000000081900000, 0x0000000081900000| Untracked 
|   4|0x0000000081a00000, 0x0000000081b00000, 0x0000000081b00000|100%| O|  |TAMS 0x0000000081a00000, 0x0000000081a00000| Untracked 
|   5|0x0000000081b00000, 0x0000000081c00000, 0x0000000081c00000|100%| O|  |TAMS 0x0000000081b00000, 0x0000000081b00000| Untracked 
|   6|0x0000000081c00000, 0x0000000081c98800, 0x0000000081d00000| 59%| O|  |TAMS 0x0000000081c00000, 0x0000000081c00000| Untracked 
|   7|0x0000000081d00000, 0x0000000081d00000, 0x0000000081e00000|  0%| F|  |TAMS 0x0000000081d00000, 0x0000000081d00000| Untracked 
|   8|0x0000000081e00000, 0x0000000081e00000, 0x0000000081f00000|  0%| F|  |TAMS 0x0000000081e00000, 0x0000000081e00000| Untracked 
|   9|0x0000000081f00000, 0x0000000081f00000, 0x0000000082000000|  0%| F|  |TAMS 0x0000000081f00000, 0x0000000081f00000| Untracked 
|  10|0x0000000082000000, 0x0000000082000000, 0x0000000082100000|  0%| F|  |TAMS 0x0000000082000000, 0x0000000082000000| Untracked 
|  11|0x0000000082100000, 0x0000000082100000, 0x0000000082200000|  0%| F|  |TAMS 0x0000000082100000, 0x0000000082100000| Untracked 
|  12|0x0000000082200000, 0x0000000082200000, 0x0000000082300000|  0%| F|  |TAMS 0x0000000082200000, 0x0000000082200000| Untracked 
|  13|0x0000000082300000, 0x0000000082300000, 0x0000000082400000|  0%| F|  |TAMS 0x0000000082300000, 0x0000000082300000| Untracked 
|  14|0x0000000082400000, 0x0000000082400000, 0x0000000082500000|  0%| F|  |TAMS 0x0000000082400000, 0x0000000082400000| Untracked 
|  15|0x0000000082500000, 0x0000000082500000, 0x0000000082600000|  0%| F|  |TAMS 0x0000000082500000, 0x0000000082500000| Untracked 
|  16|0x0000000082600000, 0x0000000082600000, 0x0000000082700000|  0%| F|  |TAMS 0x0000000082600000, 0x0000000082600000| Untracked 
|  17|0x0000000082700000, 0x0000000082700000, 0x0000000082800000|  0%| F|  |TAMS 0x0000000082700000, 0x0000000082700000| Untracked 
|  18|0x0000000082800000, 0x0000000082800000, 0x0000000082900000|  0%| F|  |TAMS 0x0000000082800000, 0x0000000082800000| Untracked 
|  19|0x0000000082900000, 0x0000000082900000, 0x0000000082a00000|  0%| F|  |TAMS 0x0000000082900000, 0x0000000082900000| Untracked 
|  20|0x0000000082a00000, 0x0000000082a00000, 0x0000000082b00000|  0%| F|  |TAMS 0x0000000082a00000, 0x0000000082a00000| Untracked 
|  21|0x0000000082b00000, 0x0000000082b00000, 0x0000000082c00000|  0%| F|  |TAMS 0x0000000082b00000, 0x0000000082b00000| Untracked 
|  22|0x0000000082c00000, 0x0000000082c00000, 0x0000000082d00000|  0%| F|  |TAMS 0x0000000082c00000, 0x0000000082c00000| Untracked 
|  23|0x0000000082d00000, 0x0000000082d00000, 0x0000000082e00000|  0%| F|  |TAMS 0x0000000082d00000, 0x0000000082d00000| Untracked 
|  24|0x0000000082e00000, 0x0000000082e00000, 0x0000000082f00000|  0%| F|  |TAMS 0x0000000082e00000, 0x0000000082e00000| Untracked 
|  25|0x0000000082f00000, 0x0000000082f00000, 0x0000000083000000|  0%| F|  |TAMS 0x0000000082f00000, 0x0000000082f00000| Untracked 
|  26|0x0000000083000000, 0x0000000083000000, 0x0000000083100000|  0%| F|  |TAMS 0x0000000083000000, 0x0000000083000000| Untracked 
|  27|0x0000000083100000, 0x0000000083100000, 0x0000000083200000|  0%| F|  |TAMS 0x0000000083100000, 0x0000000083100000| Untracked 
|  28|0x0000000083200000, 0x0000000083200000, 0x0000000083300000|  0%| F|  |TAMS 0x0000000083200000, 0x0000000083200000| Untracked 
|  29|0x0000000083300000, 0x0000000083300000, 0x0000000083400000|  0%| F|  |TAMS 0x0000000083300000, 0x0000000083300000| Untracked 
|  30|0x0000000083400000, 0x0000000083400000, 0x0000000083500000|  0%| F|  |TAMS 0x0000000083400000, 0x0000000083400000| Untracked 
|  31|0x0000000083500000, 0x0000000083500000, 0x0000000083600000|  0%| F|  |TAMS 0x0000000083500000, 0x0000000083500000| Untracked 
|  32|0x0000000083600000, 0x0000000083600000, 0x0000000083700000|  0%| F|  |TAMS 0x0000000083600000, 0x0000000083600000| Untracked 
|  33|0x0000000083700000, 0x0000000083700000, 0x0000000083800000|  0%| F|  |TAMS 0x0000000083700000, 0x0000000083700000| Untracked 
|  34|0x0000000083800000, 0x0000000083800000, 0x0000000083900000|  0%| F|  |TAMS 0x0000000083800000, 0x0000000083800000| Untracked 
|  35|0x0000000083900000, 0x0000000083900000, 0x0000000083a00000|  0%| F|  |TAMS 0x0000000083900000, 0x0000000083900000| Untracked 
|  36|0x0000000083a00000, 0x0000000083a00000, 0x0000000083b00000|  0%| F|  |TAMS 0x0000000083a00000, 0x0000000083a00000| Untracked 
|  37|0x0000000083b00000, 0x0000000083b00000, 0x0000000083c00000|  0%| F|  |TAMS 0x0000000083b00000, 0x0000000083b00000| Untracked 
|  38|0x0000000083c00000, 0x0000000083c00000, 0x0000000083d00000|  0%| F|  |TAMS 0x0000000083c00000, 0x0000000083c00000| Untracked 
|  39|0x0000000083d00000, 0x0000000083d00000, 0x0000000083e00000|  0%| F|  |TAMS 0x0000000083d00000, 0x0000000083d00000| Untracked 
|  40|0x0000000083e00000, 0x0000000083e00000, 0x0000000083f00000|  0%| F|  |TAMS 0x0000000083e00000, 0x0000000083e00000| Untracked 
|  41|0x0000000083f00000, 0x0000000083f00000, 0x0000000084000000|  0%| F|  |TAMS 0x0000000083f00000, 0x0000000083f00000| Untracked 
|  42|0x0000000084000000, 0x0000000084000000, 0x0000000084100000|  0%| F|  |TAMS 0x0000000084000000, 0x0000000084000000| Untracked 
|  43|0x0000000084100000, 0x0000000084100000, 0x0000000084200000|  0%| F|  |TAMS 0x0000000084100000, 0x0000000084100000| Untracked 
|  44|0x0000000084200000, 0x0000000084200000, 0x0000000084300000|  0%| F|  |TAMS 0x0000000084200000, 0x0000000084200000| Untracked 
|  45|0x0000000084300000, 0x0000000084300000, 0x0000000084400000|  0%| F|  |TAMS 0x0000000084300000, 0x0000000084300000| Untracked 
|  46|0x0000000084400000, 0x0000000084400000, 0x0000000084500000|  0%| F|  |TAMS 0x0000000084400000, 0x0000000084400000| Untracked 
|  47|0x0000000084500000, 0x0000000084500000, 0x0000000084600000|  0%| F|  |TAMS 0x0000000084500000, 0x0000000084500000| Untracked 
|  48|0x0000000084600000, 0x0000000084600000, 0x0000000084700000|  0%| F|  |TAMS 0x0000000084600000, 0x0000000084600000| Untracked 
|  49|0x0000000084700000, 0x0000000084700000, 0x0000000084800000|  0%| F|  |TAMS 0x0000000084700000, 0x0000000084700000| Untracked 
|  50|0x0000000084800000, 0x0000000084800000, 0x0000000084900000|  0%| F|  |TAMS 0x0000000084800000, 0x0000000084800000| Untracked 
|  51|0x0000000084900000, 0x0000000084900000, 0x0000000084a00000|  0%| F|  |TAMS 0x0000000084900000, 0x0000000084900000| Untracked 
|  52|0x0000000084a00000, 0x0000000084a00000, 0x0000000084b00000|  0%| F|  |TAMS 0x0000000084a00000, 0x0000000084a00000| Untracked 
|  53|0x0000000084b00000, 0x0000000084b00000, 0x0000000084c00000|  0%| F|  |TAMS 0x0000000084b00000, 0x0000000084b00000| Untracked 
|  54|0x0000000084c00000, 0x0000000084c00000, 0x0000000084d00000|  0%| F|  |TAMS 0x0000000084c00000, 0x0000000084c00000| Untracked 
|  55|0x0000000084d00000, 0x0000000084d00000, 0x0000000084e00000|  0%| F|  |TAMS 0x0000000084d00000, 0x0000000084d00000| Untracked 
|  56|0x0000000084e00000, 0x0000000084e00000, 0x0000000084f00000|  0%| F|  |TAMS 0x0000000084e00000, 0x0000000084e00000| Untracked 
|  57|0x0000000084f00000, 0x0000000084f00000, 0x0000000085000000|  0%| F|  |TAMS 0x0000000084f00000, 0x0000000084f00000| Untracked 
|  58|0x0000000085000000, 0x0000000085000000, 0x0000000085100000|  0%| F|  |TAMS 0x0000000085000000, 0x0000000085000000| Untracked 
|  59|0x0000000085100000, 0x0000000085100000, 0x0000000085200000|  0%| F|  |TAMS 0x0000000085100000, 0x0000000085100000| Untracked 
|  60|0x0000000085200000, 0x0000000085200000, 0x0000000085300000|  0%| F|  |TAMS 0x0000000085200000, 0x0000000085200000| Untracked 
|  61|0x0000000085300000, 0x0000000085300000, 0x0000000085400000|  0%| F|  |TAMS 0x0000000085300000, 0x0000000085300000| Untracked 
|  62|0x0000000085400000, 0x0000000085400000, 0x0000000085500000|  0%| F|  |TAMS 0x0000000085400000, 0x0000000085400000| Untracked 
|  63|0x0000000085500000, 0x0000000085500000, 0x0000000085600000|  0%| F|  |TAMS 0x0000000085500000, 0x0000000085500000| Untracked 
|  64|0x0000000085600000, 0x0000000085600000, 0x0000000085700000|  0%| F|  |TAMS 0x0000000085600000, 0x0000000085600000| Untracked 
|  65|0x0000000085700000, 0x0000000085700000, 0x0000000085800000|  0%| F|  |TAMS 0x0000000085700000, 0x0000000085700000| Untracked 
|  66|0x0000000085800000, 0x0000000085800000, 0x0000000085900000|  0%| F|  |TAMS 0x0000000085800000, 0x0000000085800000| Untracked 
|  67|0x0000000085900000, 0x0000000085900000, 0x0000000085a00000|  0%| F|  |TAMS 0x0000000085900000, 0x0000000085900000| Untracked 
|  68|0x0000000085a00000, 0x0000000085a00000, 0x0000000085b00000|  0%| F|  |TAMS 0x0000000085a00000, 0x0000000085a00000| Untracked 
|  69|0x0000000085b00000, 0x0000000085b00000, 0x0000000085c00000|  0%| F|  |TAMS 0x0000000085b00000, 0x0000000085b00000| Untracked 
|  70|0x0000000085c00000, 0x0000000085c00000, 0x0000000085d00000|  0%| F|  |TAMS 0x0000000085c00000, 0x0000000085c00000| Untracked 
|  71|0x0000000085d00000, 0x0000000085d00000, 0x0000000085e00000|  0%| F|  |TAMS 0x0000000085d00000, 0x0000000085d00000| Untracked 
|  72|0x0000000085e00000, 0x0000000085e00000, 0x0000000085f00000|  0%| F|  |TAMS 0x0000000085e00000, 0x0000000085e00000| Untracked 
|  73|0x0000000085f00000, 0x0000000085f00000, 0x0000000086000000|  0%| F|  |TAMS 0x0000000085f00000, 0x0000000085f00000| Untracked 
|  74|0x0000000086000000, 0x0000000086000000, 0x0000000086100000|  0%| F|  |TAMS 0x0000000086000000, 0x0000000086000000| Untracked 
|  75|0x0000000086100000, 0x0000000086100000, 0x0000000086200000|  0%| F|  |TAMS 0x0000000086100000, 0x0000000086100000| Untracked 
|  76|0x0000000086200000, 0x0000000086200000, 0x0000000086300000|  0%| F|  |TAMS 0x0000000086200000, 0x0000000086200000| Untracked 
|  77|0x0000000086300000, 0x0000000086300000, 0x0000000086400000|  0%| F|  |TAMS 0x0000000086300000, 0x0000000086300000| Untracked 
|  78|0x0000000086400000, 0x0000000086400000, 0x0000000086500000|  0%| F|  |TAMS 0x0000000086400000, 0x0000000086400000| Untracked 
|  79|0x0000000086500000, 0x0000000086500000, 0x0000000086600000|  0%| F|  |TAMS 0x0000000086500000, 0x0000000086500000| Untracked 
|  80|0x0000000086600000, 0x0000000086600000, 0x0000000086700000|  0%| F|  |TAMS 0x0000000086600000, 0x0000000086600000| Untracked 
|  81|0x0000000086700000, 0x0000000086700000, 0x0000000086800000|  0%| F|  |TAMS 0x0000000086700000, 0x0000000086700000| Untracked 
|  82|0x0000000086800000, 0x0000000086800000, 0x0000000086900000|  0%| F|  |TAMS 0x0000000086800000, 0x0000000086800000| Untracked 
|  83|0x0000000086900000, 0x0000000086900000, 0x0000000086a00000|  0%| F|  |TAMS 0x0000000086900000, 0x0000000086900000| Untracked 
|  84|0x0000000086a00000, 0x0000000086a00000, 0x0000000086b00000|  0%| F|  |TAMS 0x0000000086a00000, 0x0000000086a00000| Untracked 
|  85|0x0000000086b00000, 0x0000000086b00000, 0x0000000086c00000|  0%| F|  |TAMS 0x0000000086b00000, 0x0000000086b00000| Untracked 
|  86|0x0000000086c00000, 0x0000000086c00000, 0x0000000086d00000|  0%| F|  |TAMS 0x0000000086c00000, 0x0000000086c00000| Untracked 
|  87|0x0000000086d00000, 0x0000000086d00000, 0x0000000086e00000|  0%| F|  |TAMS 0x0000000086d00000, 0x0000000086d00000| Untracked 
|  88|0x0000000086e00000, 0x0000000086e00000, 0x0000000086f00000|  0%| F|  |TAMS 0x0000000086e00000, 0x0000000086e00000| Untracked 
|  89|0x0000000086f00000, 0x0000000086f00000, 0x0000000087000000|  0%| F|  |TAMS 0x0000000086f00000, 0x0000000086f00000| Untracked 
|  90|0x0000000087000000, 0x0000000087000000, 0x0000000087100000|  0%| F|  |TAMS 0x0000000087000000, 0x0000000087000000| Untracked 
|  91|0x0000000087100000, 0x0000000087100000, 0x0000000087200000|  0%| F|  |TAMS 0x0000000087100000, 0x0000000087100000| Untracked 
|  92|0x0000000087200000, 0x0000000087200000, 0x0000000087300000|  0%| F|  |TAMS 0x0000000087200000, 0x0000000087200000| Untracked 
|  93|0x0000000087300000, 0x0000000087400000, 0x0000000087400000|100%| E|  |TAMS 0x0000000087300000, 0x0000000087300000| Complete 
|  94|0x0000000087400000, 0x0000000087500000, 0x0000000087500000|100%| E|CS|TAMS 0x0000000087400000, 0x0000000087400000| Complete 
|  95|0x0000000087500000, 0x0000000087600000, 0x0000000087600000|100%| E|CS|TAMS 0x0000000087500000, 0x0000000087500000| Complete 
|  96|0x0000000087600000, 0x0000000087700000, 0x0000000087700000|100%| E|CS|TAMS 0x0000000087600000, 0x0000000087600000| Complete 
|  97|0x0000000087700000, 0x0000000087800000, 0x0000000087800000|100%| E|CS|TAMS 0x0000000087700000, 0x0000000087700000| Complete 
|  98|0x0000000087800000, 0x0000000087900000, 0x0000000087900000|100%| E|CS|TAMS 0x0000000087800000, 0x0000000087800000| Complete 
|  99|0x0000000087900000, 0x0000000087a00000, 0x0000000087a00000|100%| E|CS|TAMS 0x0000000087900000, 0x0000000087900000| Complete 
| 100|0x0000000087a00000, 0x0000000087af21e0, 0x0000000087b00000| 94%| S|CS|TAMS 0x0000000087a00000, 0x0000000087a00000| Complete 
| 101|0x0000000087b00000, 0x0000000087c00000, 0x0000000087c00000|100%| S|CS|TAMS 0x0000000087b00000, 0x0000000087b00000| Complete 
| 102|0x0000000087c00000, 0x0000000087d00000, 0x0000000087d00000|100%| S|CS|TAMS 0x0000000087c00000, 0x0000000087c00000| Complete 
| 103|0x0000000087d00000, 0x0000000087e00000, 0x0000000087e00000|100%| E|CS|TAMS 0x0000000087d00000, 0x0000000087d00000| Complete 
| 104|0x0000000087e00000, 0x0000000087f00000, 0x0000000087f00000|100%| E|CS|TAMS 0x0000000087e00000, 0x0000000087e00000| Complete 
| 105|0x0000000087f00000, 0x0000000088000000, 0x0000000088000000|100%| E|CS|TAMS 0x0000000087f00000, 0x0000000087f00000| Complete 
| 106|0x0000000088000000, 0x0000000088100000, 0x0000000088100000|100%| E|CS|TAMS 0x0000000088000000, 0x0000000088000000| Complete 
| 107|0x0000000088100000, 0x0000000088200000, 0x0000000088200000|100%| E|CS|TAMS 0x0000000088100000, 0x0000000088100000| Complete 
| 108|0x0000000088200000, 0x0000000088300000, 0x0000000088300000|100%| E|CS|TAMS 0x0000000088200000, 0x0000000088200000| Complete 
| 109|0x0000000088300000, 0x0000000088400000, 0x0000000088400000|100%| E|  |TAMS 0x0000000088300000, 0x0000000088300000| Complete 
| 110|0x0000000088400000, 0x0000000088500000, 0x0000000088500000|100%| E|CS|TAMS 0x0000000088400000, 0x0000000088400000| Complete 
| 111|0x0000000088500000, 0x0000000088600000, 0x0000000088600000|100%| E|CS|TAMS 0x0000000088500000, 0x0000000088500000| Complete 
| 112|0x0000000088600000, 0x0000000088700000, 0x0000000088700000|100%| E|CS|TAMS 0x0000000088600000, 0x0000000088600000| Complete 
| 113|0x0000000088700000, 0x0000000088800000, 0x0000000088800000|100%| E|CS|TAMS 0x0000000088700000, 0x0000000088700000| Complete 
| 114|0x0000000088800000, 0x0000000088900000, 0x0000000088900000|100%| E|CS|TAMS 0x0000000088800000, 0x0000000088800000| Complete 
| 115|0x0000000088900000, 0x0000000088a00000, 0x0000000088a00000|100%| E|CS|TAMS 0x0000000088900000, 0x0000000088900000| Complete 
| 116|0x0000000088a00000, 0x0000000088b00000, 0x0000000088b00000|100%| E|CS|TAMS 0x0000000088a00000, 0x0000000088a00000| Complete 
| 117|0x0000000088b00000, 0x0000000088c00000, 0x0000000088c00000|100%| E|CS|TAMS 0x0000000088b00000, 0x0000000088b00000| Complete 
| 118|0x0000000088c00000, 0x0000000088d00000, 0x0000000088d00000|100%| E|CS|TAMS 0x0000000088c00000, 0x0000000088c00000| Complete 
| 119|0x0000000088d00000, 0x0000000088e00000, 0x0000000088e00000|100%| E|CS|TAMS 0x0000000088d00000, 0x0000000088d00000| Complete 
| 120|0x0000000088e00000, 0x0000000088f00000, 0x0000000088f00000|100%| E|CS|TAMS 0x0000000088e00000, 0x0000000088e00000| Complete 
| 121|0x0000000088f00000, 0x0000000089000000, 0x0000000089000000|100%| E|CS|TAMS 0x0000000088f00000, 0x0000000088f00000| Complete 
| 122|0x0000000089000000, 0x0000000089100000, 0x0000000089100000|100%| E|CS|TAMS 0x0000000089000000, 0x0000000089000000| Complete 
| 123|0x0000000089100000, 0x0000000089200000, 0x0000000089200000|100%| E|CS|TAMS 0x0000000089100000, 0x0000000089100000| Complete 
| 124|0x0000000089200000, 0x0000000089300000, 0x0000000089300000|100%| E|CS|TAMS 0x0000000089200000, 0x0000000089200000| Complete 
| 125|0x0000000089300000, 0x0000000089400000, 0x0000000089400000|100%| E|CS|TAMS 0x0000000089300000, 0x0000000089300000| Complete 
| 126|0x0000000089400000, 0x0000000089500000, 0x0000000089500000|100%| E|CS|TAMS 0x0000000089400000, 0x0000000089400000| Complete 
| 127|0x0000000089500000, 0x0000000089600000, 0x0000000089600000|100%| E|CS|TAMS 0x0000000089500000, 0x0000000089500000| Complete 

Card table byte_map: [0x00000204e94c0000,0x00000204e98c0000] _byte_map_base: 0x00000204e90b5000

Marking Bits (Prev, Next): (CMBitMap*) 0x00000204de7eb9b0, (CMBitMap*) 0x00000204de7eb9f0
 Prev Bits: [0x00000204e9cc0000, 0x00000204ebc68000)
 Next Bits: [0x00000204ebc70000, 0x00000204edc18000)

Polling page: 0x00000204dc630000

Metaspace:

Usage:
  Non-class:     14.53 MB used.
      Class:      2.15 MB used.
       Both:     16.69 MB used.

Virtual space:
  Non-class space:       64.00 MB reserved,      14.69 MB ( 23%) committed,  1 nodes.
      Class space:        1.00 GB reserved,       2.31 MB ( <1%) committed,  1 nodes.
             Both:        1.06 GB reserved,      17.00 MB (  2%) committed. 

Chunk freelists:
   Non-Class:  1.05 MB
       Class:  1.69 MB
        Both:  2.73 MB

MaxMetaspaceSize: unlimited
CompressedClassSpaceSize: 1.00 GB
Initial GC threshold: 21.00 MB
Current GC threshold: 21.00 MB
CDS: on
MetaspaceReclaimPolicy: balanced
 - commit_granule_bytes: 65536.
 - commit_granule_words: 8192.
 - virtual_space_node_default_size: 8388608.
 - enlarge_chunks_in_place: 1.
 - new_chunks_are_fully_committed: 0.
 - uncommit_free_chunks: 1.
 - use_allocation_guard: 0.


Internal statistics:

num_allocs_failed_limit: 0.
num_arena_births: 340.
num_arena_deaths: 0.
num_vsnodes_births: 2.
num_vsnodes_deaths: 0.
num_space_committed: 272.
num_space_uncommitted: 0.
num_chunks_returned_to_freelist: 0.
num_chunks_taken_from_freelist: 844.
num_chunk_merges: 0.
num_chunk_splits: 566.
num_chunks_enlarged: 414.
num_inconsistent_stats: 0.

CodeCache: size=49152Kb used=6691Kb max_used=6691Kb free=42460Kb
 bounds [0x00000204e60c0000, 0x00000204e6750000, 0x00000204e90c0000]
 total_blobs=3324 nmethods=2836 adapters=413
 compilation: enabled
              stopped_count=0, restarted_count=0
 full_count=0

Compilation events (20 events):
Event: 2.725 Thread 0x00000204f45f7580 2827       1       org.springframework.core.annotation.AnnotationAttributes::getRequiredAttribute (79 bytes)
Event: 2.725 Thread 0x00000204f44a0090 nmethod 2826 0x00000204e6743110 code [0x00000204e67432c0, 0x00000204e6743458]
Event: 2.725 Thread 0x00000204f44a0090 2829       1       org.springframework.core.annotation.AnnotationAttributes$$Lambda$345/0x0000000800def9f0::<init> (15 bytes)
Event: 2.725 Thread 0x00000204f44a0090 nmethod 2829 0x00000204e6743590 code [0x00000204e6743720, 0x00000204e6743878]
Event: 2.725 Thread 0x00000204f44a0090 2830       1       org.springframework.core.annotation.AnnotationAttributes::assertNotException (44 bytes)
Event: 2.725 Thread 0x00000204efe83d10 nmethod 2828 0x00000204e6743910 code [0x00000204e6743ae0, 0x00000204e6743dc8]
Event: 2.725 Thread 0x00000204efe83d10 2831       1       org.springframework.core.annotation.AnnotationAttributes::assertAttributeType (54 bytes)
Event: 2.726 Thread 0x00000204f44a0090 nmethod 2830 0x00000204e6743f90 code [0x00000204e67441c0, 0x00000204e6744998]
Event: 2.726 Thread 0x00000204f44a0090 2835       1       java.lang.Class::enumConstantDirectory (119 bytes)
Event: 2.726 Thread 0x00000204f45f7580 nmethod 2827 0x00000204e6744c90 code [0x00000204e6744f00, 0x00000204e6745578]
Event: 2.726 Thread 0x00000204f45f7580 2833       1       java.util.ArrayList::toArray (12 bytes)
Event: 2.726 Thread 0x00000204efe83d10 nmethod 2831 0x00000204e6745a10 code [0x00000204e6745c80, 0x00000204e6746698]
Event: 2.726 Thread 0x00000204efe83d10 2832       1       java.util.concurrent.CopyOnWriteArrayList::<init> (24 bytes)
Event: 2.726 Thread 0x00000204f45f7580 nmethod 2833 0x00000204e6746b10 code [0x00000204e6746ca0, 0x00000204e6746da8]
Event: 2.726 Thread 0x00000204f45f7580 2834       1       java.lang.Enum::valueOf (73 bytes)
Event: 2.726 Thread 0x00000204efe83d10 nmethod 2832 0x00000204e6746e90 code [0x00000204e6747020, 0x00000204e6747298]
Event: 2.726 Thread 0x00000204efe83d10 2836       1       org.springframework.beans.factory.support.AbstractBeanDefinition::getFactoryMethodName (5 bytes)
Event: 2.726 Thread 0x00000204efe83d10 nmethod 2836 0x00000204e6747390 code [0x00000204e6747520, 0x00000204e67475f8]
Event: 2.727 Thread 0x00000204f45f7580 nmethod 2834 0x00000204e6747690 code [0x00000204e67478c0, 0x00000204e6747e18]
Event: 2.727 Thread 0x00000204f44a0090 nmethod 2835 0x00000204e6748090 code [0x00000204e6748300, 0x00000204e67489a8]

GC Heap History (6 events):
Event: 1.055 GC heap before
{Heap before GC invocations=0 (full 0):
 garbage-first heap   total 131072K, used 13312K [0x0000000081600000, 0x0000000100000000)
  region size 1024K, 13 young (13312K), 0 survivors (0K)
 Metaspace       used 5321K, committed 5504K, reserved 1114112K
  class space    used 608K, committed 704K, reserved 1048576K
}
Event: 1.063 GC heap after
{Heap after GC invocations=1 (full 0):
 garbage-first heap   total 131072K, used 6603K [0x0000000081600000, 0x0000000100000000)
  region size 1024K, 2 young (2048K), 2 survivors (2048K)
 Metaspace       used 5321K, committed 5504K, reserved 1114112K
  class space    used 608K, committed 704K, reserved 1048576K
}
Event: 1.337 GC heap before
{Heap before GC invocations=1 (full 0):
 garbage-first heap   total 131072K, used 17867K [0x0000000081600000, 0x0000000100000000)
  region size 1024K, 13 young (13312K), 2 survivors (2048K)
 Metaspace       used 7589K, committed 7872K, reserved 1114112K
  class space    used 916K, committed 1024K, reserved 1048576K
}
Event: 1.342 GC heap after
{Heap after GC invocations=2 (full 0):
 garbage-first heap   total 131072K, used 8053K [0x0000000081600000, 0x0000000100000000)
  region size 1024K, 2 young (2048K), 2 survivors (2048K)
 Metaspace       used 7589K, committed 7872K, reserved 1114112K
  class space    used 916K, committed 1024K, reserved 1048576K
}
Event: 1.898 GC heap before
{Heap before GC invocations=2 (full 0):
 garbage-first heap   total 131072K, used 30581K [0x0000000081600000, 0x0000000100000000)
  region size 1024K, 25 young (25600K), 2 survivors (2048K)
 Metaspace       used 12964K, committed 13248K, reserved 1114112K
  class space    used 1657K, committed 1792K, reserved 1048576K
}
Event: 1.903 GC heap after
{Heap after GC invocations=3 (full 0):
 garbage-first heap   total 131072K, used 9770K [0x0000000081600000, 0x0000000100000000)
  region size 1024K, 3 young (3072K), 3 survivors (3072K)
 Metaspace       used 12964K, committed 13248K, reserved 1114112K
  class space    used 1657K, committed 1792K, reserved 1048576K
}

Deoptimization events (4 events):
Event: 1.165 Thread 0x00000204de78ba00 DEOPT PACKING pc=0x00000204e627bdf5 sp=0x00000090727fddc0
Event: 1.165 Thread 0x00000204de78ba00 DEOPT UNPACKING pc=0x00000204e6112b43 sp=0x00000090727fd218 mode 3
Event: 1.908 Thread 0x00000204f48629b0 DEOPT PACKING pc=0x00000204e65e6519 sp=0x00000090744fd110
Event: 1.908 Thread 0x00000204f48629b0 DEOPT UNPACKING pc=0x00000204e6112b43 sp=0x00000090744fc5f0 mode 3

Classes loaded (20 events):
Event: 2.007 Loading class com/sun/beans/introspect/PropertyInfo$Name
Event: 2.007 Loading class com/sun/beans/introspect/PropertyInfo$Name done
Event: 2.007 Loading class java/beans/IndexedPropertyDescriptor
Event: 2.008 Loading class java/beans/IndexedPropertyDescriptor done
Event: 2.008 Loading class java/beans/GenericBeanInfo
Event: 2.008 Loading class java/beans/SimpleBeanInfo
Event: 2.008 Loading class java/beans/SimpleBeanInfo done
Event: 2.008 Loading class java/beans/GenericBeanInfo done
Event: 2.009 Loading class java/util/Hashtable$EntrySet
Event: 2.009 Loading class java/util/Hashtable$EntrySet done
Event: 2.070 Loading class java/util/regex/Pattern$LazyLoop
Event: 2.071 Loading class java/util/regex/Pattern$Loop
Event: 2.071 Loading class java/util/regex/Pattern$Loop done
Event: 2.071 Loading class java/util/regex/Pattern$LazyLoop done
Event: 2.071 Loading class java/util/regex/Pattern$Prolog
Event: 2.071 Loading class java/util/regex/Pattern$Prolog done
Event: 2.161 Loading class javax/naming/ldap/LdapContext
Event: 2.162 Loading class javax/naming/directory/DirContext
Event: 2.162 Loading class javax/naming/directory/DirContext done
Event: 2.162 Loading class javax/naming/ldap/LdapContext done

Classes unloaded (0 events):
No events

Classes redefined (0 events):
No events

Internal exceptions (20 events):
Event: 1.961 Thread 0x00000204f4b750b0 Exception <a 'java/lang/NoSuchMethodError'{0x00000000891a6c58}: 'long java.lang.invoke.DirectMethodHandle$Holder.invokeInterface(java.lang.Object, java.lang.Object)'> (0x00000000891a6c58) 
thrown [s\open\src\hotspot\share\interpreter\linkResolver.cpp, line 766]
Event: 1.961 Thread 0x00000204f4b750b0 Exception <a 'java/lang/IncompatibleClassChangeError'{0x00000000891aa1e0}: Found class java.lang.Object, but interface was expected> (0x00000000891aa1e0) 
thrown [s\open\src\hotspot\share\interpreter\linkResolver.cpp, line 833]
Event: 1.977 Thread 0x00000204f4b750b0 Exception <a 'java/lang/NoSuchMethodError'{0x0000000089079aa8}: 'java.lang.Object java.lang.invoke.DirectMethodHandle$Holder.invokeVirtual(java.lang.Object, java.lang.Object, java.lang.Object, java.lang.Object)'> (0x0000000089079aa8) 
thrown [s\open\src\hotspot\share\interpreter\linkResolver.cpp, line 766]
Event: 1.997 Thread 0x00000204f48629b0 Exception <a 'java/lang/ClassNotFoundException'{0x0000000088f29b00}: java/lang/ObjectCustomizer> (0x0000000088f29b00) 
thrown [s\open\src\hotspot\share\classfile\systemDictionary.cpp, line 255]
Event: 2.003 Thread 0x00000204f48629b0 Exception <a 'java/lang/IncompatibleClassChangeError'{0x0000000088f2e8b0}: Found class java.lang.Object, but interface was expected> (0x0000000088f2e8b0) 
thrown [s\open\src\hotspot\share\interpreter\linkResolver.cpp, line 833]
Event: 2.009 Thread 0x00000204f48629b0 Exception <a 'java/lang/ClassNotFoundException'{0x0000000088f48ac8}: org/springframework/context/annotation/ConfigurationClassPostProcessorCustomizer> (0x0000000088f48ac8) 
thrown [s\open\src\hotspot\share\classfile\systemDictionary.cpp, line 255]
Event: 2.019 Thread 0x00000204f48629b0 Exception <a 'java/lang/ClassNotFoundException'{0x0000000088fa3348}: org/springframework/beans/factory/support/BeanDefinitionRegistryPostProcessorCustomizer> (0x0000000088fa3348) 
thrown [s\open\src\hotspot\share\classfile\systemDictionary.cpp, line 255]
Event: 2.021 Thread 0x00000204f48629b0 Exception <a 'java/lang/ClassNotFoundException'{0x0000000088fa9078}: org/springframework/beans/factory/config/BeanFactoryPostProcessorCustomizer> (0x0000000088fa9078) 
thrown [s\open\src\hotspot\share\classfile\systemDictionary.cpp, line 255]
Event: 2.022 Thread 0x00000204f48629b0 Exception <a 'java/lang/ClassNotFoundException'{0x0000000088fae958}: org/springframework/core/PriorityOrderedCustomizer> (0x0000000088fae958) 
thrown [s\open\src\hotspot\share\classfile\systemDictionary.cpp, line 255]
Event: 2.022 Thread 0x00000204f48629b0 Exception <a 'java/lang/ClassNotFoundException'{0x0000000088fb2dd8}: org/springframework/core/OrderedCustomizer> (0x0000000088fb2dd8) 
thrown [s\open\src\hotspot\share\classfile\systemDictionary.cpp, line 255]
Event: 2.023 Thread 0x00000204f48629b0 Exception <a 'java/lang/ClassNotFoundException'{0x0000000088fb8600}: org/springframework/context/ResourceLoaderAwareCustomizer> (0x0000000088fb8600) 
thrown [s\open\src\hotspot\share\classfile\systemDictionary.cpp, line 255]
Event: 2.024 Thread 0x00000204f48629b0 Exception <a 'java/lang/ClassNotFoundException'{0x0000000088fbdec0}: org/springframework/beans/factory/AwareCustomizer> (0x0000000088fbdec0) 
thrown [s\open\src\hotspot\share\classfile\systemDictionary.cpp, line 255]
Event: 2.025 Thread 0x00000204f48629b0 Exception <a 'java/lang/ClassNotFoundException'{0x0000000088fc2820}: org/springframework/context/ApplicationStartupAwareCustomizer> (0x0000000088fc2820) 
thrown [s\open\src\hotspot\share\classfile\systemDictionary.cpp, line 255]
Event: 2.026 Thread 0x00000204f48629b0 Exception <a 'java/lang/ClassNotFoundException'{0x0000000088fc8398}: org/springframework/beans/factory/AwareCustomizer> (0x0000000088fc8398) 
thrown [s\open\src\hotspot\share\classfile\systemDictionary.cpp, line 255]
Event: 2.026 Thread 0x00000204f48629b0 Exception <a 'java/lang/ClassNotFoundException'{0x0000000088fccde8}: org/springframework/beans/factory/BeanClassLoaderAwareCustomizer> (0x0000000088fccde8) 
thrown [s\open\src\hotspot\share\classfile\systemDictionary.cpp, line 255]
Event: 2.027 Thread 0x00000204f48629b0 Exception <a 'java/lang/ClassNotFoundException'{0x0000000088fd2690}: org/springframework/beans/factory/AwareCustomizer> (0x0000000088fd2690) 
thrown [s\open\src\hotspot\share\classfile\systemDictionary.cpp, line 255]
Event: 2.028 Thread 0x00000204f48629b0 Exception <a 'java/lang/ClassNotFoundException'{0x0000000088fd6d00}: org/springframework/context/EnvironmentAwareCustomizer> (0x0000000088fd6d00) 
thrown [s\open\src\hotspot\share\classfile\systemDictionary.cpp, line 255]
Event: 2.028 Thread 0x00000204f48629b0 Exception <a 'java/lang/ClassNotFoundException'{0x0000000088fdc540}: org/springframework/beans/factory/AwareCustomizer> (0x0000000088fdc540) 
thrown [s\open\src\hotspot\share\classfile\systemDictionary.cpp, line 255]
Event: 2.220 Thread 0x00000204f48629b0 Exception <a 'java/lang/IncompatibleClassChangeError'{0x00000000888c4400}: Found class java.lang.Object, but interface was expected> (0x00000000888c4400) 
thrown [s\open\src\hotspot\share\interpreter\linkResolver.cpp, line 833]
Event: 2.260 Thread 0x00000204f48629b0 Exception <a 'java/lang/NoSuchMethodError'{0x00000000886416d8}: 'void java.lang.invoke.DirectMethodHandle$Holder.invokeInterface(java.lang.Object, java.lang.Object, java.lang.Object, java.lang.Object)'> (0x00000000886416d8) 
thrown [s\open\src\hotspot\share\interpreter\linkResolver.cpp, line 766]

VM Operations (20 events):
Event: 1.337 Executing VM operation: G1CollectForAllocation
Event: 1.342 Executing VM operation: G1CollectForAllocation done
Event: 1.382 Executing VM operation: HandshakeAllThreads
Event: 1.382 Executing VM operation: HandshakeAllThreads done
Event: 1.606 Executing VM operation: HandshakeAllThreads
Event: 1.606 Executing VM operation: HandshakeAllThreads done
Event: 1.761 Executing VM operation: HandshakeAllThreads
Event: 1.761 Executing VM operation: HandshakeAllThreads done
Event: 1.825 Executing VM operation: ICBufferFull
Event: 1.825 Executing VM operation: ICBufferFull done
Event: 1.898 Executing VM operation: G1CollectForAllocation
Event: 1.903 Executing VM operation: G1CollectForAllocation done
Event: 1.963 Executing VM operation: HandshakeAllThreads
Event: 1.963 Executing VM operation: HandshakeAllThreads done
Event: 2.043 Executing VM operation: HandshakeAllThreads
Event: 2.043 Executing VM operation: HandshakeAllThreads done
Event: 2.572 Executing VM operation: ICBufferFull
Event: 2.572 Executing VM operation: ICBufferFull done
Event: 2.632 Executing VM operation: HandshakeAllThreads
Event: 2.632 Executing VM operation: HandshakeAllThreads done

Events (20 events):
Event: 0.547 Loaded shared library C:\Users\User\.jdks\openjdk-18.0.1.1\bin\jimage.dll
Event: 0.597 Loaded shared library C:\Users\User\.jdks\openjdk-18.0.1.1\bin\management.dll
Event: 0.617 Loaded shared library C:\Users\User\.jdks\openjdk-18.0.1.1\bin\management_ext.dll
Event: 0.752 Thread 0x00000204f44a0090 Thread added: 0x00000204f44a0090
Event: 0.874 Thread 0x00000204f45f7580 Thread added: 0x00000204f45f7580
Event: 0.910 Thread 0x00000204f45f6480 Thread added: 0x00000204f45f6480
Event: 1.176 Thread 0x00000204f4812e60 Thread added: 0x00000204f4812e60
Event: 1.207 Thread 0x00000204f486ba60 Thread added: 0x00000204f486ba60
Event: 1.219 Thread 0x00000204f485e2d0 Thread added: 0x00000204f485e2d0
Event: 1.263 Thread 0x00000204f485e2d0 Thread exited: 0x00000204f485e2d0
Event: 1.314 Thread 0x00000204f4a30a80 Thread added: 0x00000204f4a30a80
Event: 1.323 Thread 0x00000204f48629b0 Thread added: 0x00000204f48629b0
Event: 1.751 Thread 0x00000204f4b750b0 Thread added: 0x00000204f4b750b0
Event: 1.781 Thread 0x00000204f4b72f00 Thread added: 0x00000204f4b72f00
Event: 1.789 Thread 0x00000204f4b72f00 Thread exited: 0x00000204f4b72f00
Event: 1.987 Thread 0x00000204f4b750b0 Thread exited: 0x00000204f4b750b0
Event: 2.119 Thread 0x00000204f4b74710 Thread added: 0x00000204f4b74710
Event: 2.207 Thread 0x00000204f4b74710 Thread exited: 0x00000204f4b74710
Event: 2.295 Thread 0x00000204f4b74710 Thread added: 0x00000204f4b74710
Event: 2.303 Thread 0x00000204f4b74710 Thread exited: 0x00000204f4b74710


Dynamic libraries:
0x00007ff78dcb0000 - 0x00007ff78dcbe000 	C:\Users\User\.jdks\openjdk-18.0.1.1\bin\java.exe
0x00007ffb59cd0000 - 0x00007ffb59ec7000 	C:\WINDOWS\SYSTEM32\ntdll.dll
0x00007ffb59660000 - 0x00007ffb5971d000 	C:\WINDOWS\System32\KERNEL32.DLL
0x00007ffb574d0000 - 0x00007ffb5779d000 	C:\WINDOWS\System32\KERNELBASE.dll
0x00007ffb57c30000 - 0x00007ffb57d30000 	C:\WINDOWS\System32\ucrtbase.dll
0x00007ffb44970000 - 0x00007ffb44987000 	C:\Users\User\.jdks\openjdk-18.0.1.1\bin\jli.dll
0x00007ffb59af0000 - 0x00007ffb59c90000 	C:\WINDOWS\System32\USER32.dll
0x00007ffb574a0000 - 0x00007ffb574c2000 	C:\WINDOWS\System32\win32u.dll
0x00007ffb597c0000 - 0x00007ffb597ea000 	C:\WINDOWS\System32\GDI32.dll
0x00007ffb579e0000 - 0x00007ffb57aeb000 	C:\WINDOWS\System32\gdi32full.dll
0x00007ffb57af0000 - 0x00007ffb57b8d000 	C:\WINDOWS\System32\msvcp_win.dll
0x00007ffb49030000 - 0x00007ffb4904a000 	C:\Users\User\.jdks\openjdk-18.0.1.1\bin\VCRUNTIME140.dll
0x00007ffb46520000 - 0x00007ffb467ba000 	C:\WINDOWS\WinSxS\amd64_microsoft.windows.common-controls_6595b64144ccf1df_6.0.19041.1110_none_60b5254171f9507e\COMCTL32.dll
0x00007ffb59720000 - 0x00007ffb597be000 	C:\WINDOWS\System32\msvcrt.dll
0x00007ffb59630000 - 0x00007ffb59660000 	C:\WINDOWS\System32\IMM32.DLL
0x00007ffb510a0000 - 0x00007ffb510ac000 	C:\Users\User\.jdks\openjdk-18.0.1.1\bin\vcruntime140_1.dll
0x00007ffb2b050000 - 0x00007ffb2b0dd000 	C:\Users\User\.jdks\openjdk-18.0.1.1\bin\msvcp140.dll
0x00007ffb1d340000 - 0x00007ffb1df50000 	C:\Users\User\.jdks\openjdk-18.0.1.1\bin\server\jvm.dll
0x00007ffb59200000 - 0x00007ffb592ae000 	C:\WINDOWS\System32\ADVAPI32.dll
0x00007ffb594e0000 - 0x00007ffb5957c000 	C:\WINDOWS\System32\sechost.dll
0x00007ffb58bd0000 - 0x00007ffb58cf5000 	C:\WINDOWS\System32\RPCRT4.dll
0x00007ffb59390000 - 0x00007ffb59398000 	C:\WINDOWS\System32\PSAPI.DLL
0x00007ffb49830000 - 0x00007ffb49839000 	C:\WINDOWS\SYSTEM32\WSOCK32.dll
0x00007ffb58d00000 - 0x00007ffb58d6b000 	C:\WINDOWS\System32\WS2_32.dll
0x00007ffb47090000 - 0x00007ffb470b7000 	C:\WINDOWS\SYSTEM32\WINMM.dll
0x00007ffb47440000 - 0x00007ffb4744a000 	C:\WINDOWS\SYSTEM32\VERSION.dll
0x00007ffb552b0000 - 0x00007ffb552c2000 	C:\WINDOWS\SYSTEM32\kernel.appcore.dll
0x00007ffb49180000 - 0x00007ffb4918a000 	C:\Users\User\.jdks\openjdk-18.0.1.1\bin\jimage.dll
0x00007ffb43230000 - 0x00007ffb43414000 	C:\WINDOWS\SYSTEM32\DBGHELP.DLL
0x00007ffb431c0000 - 0x00007ffb431ec000 	C:\WINDOWS\SYSTEM32\dbgcore.DLL
0x00007ffb577f0000 - 0x00007ffb57872000 	C:\WINDOWS\System32\bcryptPrimitives.dll
0x00007ffb515d0000 - 0x00007ffb515de000 	C:\Users\User\.jdks\openjdk-18.0.1.1\bin\instrument.dll
0x00007ffb34e30000 - 0x00007ffb34e55000 	C:\Users\User\.jdks\openjdk-18.0.1.1\bin\java.dll
0x00007ffb2af70000 - 0x00007ffb2b046000 	C:\Users\User\.jdks\openjdk-18.0.1.1\bin\jsvml.dll
0x00007ffb57d30000 - 0x00007ffb58474000 	C:\WINDOWS\System32\SHELL32.dll
0x00007ffb554b0000 - 0x00007ffb55c44000 	C:\WINDOWS\SYSTEM32\windows.storage.dll
0x00007ffb58d70000 - 0x00007ffb590c4000 	C:\WINDOWS\System32\combase.dll
0x00007ffb56d70000 - 0x00007ffb56d9c000 	C:\WINDOWS\SYSTEM32\Wldp.dll
0x00007ffb58a00000 - 0x00007ffb58aad000 	C:\WINDOWS\System32\SHCORE.dll
0x00007ffb590d0000 - 0x00007ffb59125000 	C:\WINDOWS\System32\shlwapi.dll
0x00007ffb57330000 - 0x00007ffb5734f000 	C:\WINDOWS\SYSTEM32\profapi.dll
0x00007ffb34a80000 - 0x00007ffb34a98000 	C:\Users\User\.jdks\openjdk-18.0.1.1\bin\zip.dll
0x00007ffb39a90000 - 0x00007ffb39aa3000 	C:\Users\User\.jdks\openjdk-18.0.1.1\bin\net.dll
0x00007ffb477c0000 - 0x00007ffb478ca000 	C:\WINDOWS\SYSTEM32\WINHTTP.dll
0x00007ffb56b50000 - 0x00007ffb56bba000 	C:\WINDOWS\system32\mswsock.dll
0x00007ffb39900000 - 0x00007ffb39916000 	C:\Users\User\.jdks\openjdk-18.0.1.1\bin\nio.dll
0x00007ffb32c90000 - 0x00007ffb32caa000 	C:\Program Files\JetBrains\IntelliJ IDEA 2022.1.3\bin\breakgen64.dll
0x00007ffb56860000 - 0x00007ffb5692b000 	C:\WINDOWS\SYSTEM32\DNSAPI.dll
0x00007ffb56810000 - 0x00007ffb5684b000 	C:\WINDOWS\SYSTEM32\IPHLPAPI.DLL
0x00007ffb597f0000 - 0x00007ffb597f8000 	C:\WINDOWS\System32\NSI.dll
0x00007ffb46ec0000 - 0x00007ffb46eca000 	C:\Windows\System32\rasadhlp.dll
0x00007ffb479b0000 - 0x00007ffb47a30000 	C:\WINDOWS\System32\fwpuclnt.dll
0x00007ffb57b90000 - 0x00007ffb57bb7000 	C:\WINDOWS\System32\bcrypt.dll
0x00007ffb48020000 - 0x00007ffb48029000 	C:\Users\User\.jdks\openjdk-18.0.1.1\bin\management.dll
0x00007ffb46180000 - 0x00007ffb4618b000 	C:\Users\User\.jdks\openjdk-18.0.1.1\bin\management_ext.dll
0x00007ffb56f10000 - 0x00007ffb56f28000 	C:\WINDOWS\SYSTEM32\CRYPTSP.dll
0x00007ffb56480000 - 0x00007ffb564b4000 	C:\WINDOWS\system32\rsaenh.dll
0x00007ffb572f0000 - 0x00007ffb5731e000 	C:\WINDOWS\SYSTEM32\USERENV.dll
0x00007ffb56ce0000 - 0x00007ffb56cec000 	C:\WINDOWS\SYSTEM32\CRYPTBASE.dll
0x00007ffb4b5d0000 - 0x00007ffb4b5e7000 	C:\WINDOWS\SYSTEM32\dhcpcsvc6.DLL
0x00007ffb4b9b0000 - 0x00007ffb4b9cd000 	C:\WINDOWS\SYSTEM32\dhcpcsvc.DLL
0x00007ffb3ceb0000 - 0x00007ffb3cec7000 	C:\WINDOWS\system32\napinsp.dll
0x00007ffb3ce90000 - 0x00007ffb3ceab000 	C:\WINDOWS\system32\pnrpnsp.dll
0x00007ffb51cd0000 - 0x00007ffb51ce5000 	C:\WINDOWS\system32\wshbth.dll
0x00007ffb52a60000 - 0x00007ffb52a7d000 	C:\WINDOWS\system32\NLAapi.dll
0x00007ffb3ce70000 - 0x00007ffb3ce82000 	C:\WINDOWS\System32\winrnr.dll

dbghelp: loaded successfully - version: 4.0.5 - missing functions: none
symbol engine: initialized successfully - sym options: 0x614 - pdb path: .;C:\Users\User\.jdks\openjdk-18.0.1.1\bin;C:\WINDOWS\SYSTEM32;C:\WINDOWS\WinSxS\amd64_microsoft.windows.common-controls_6595b64144ccf1df_6.0.19041.1110_none_60b5254171f9507e;C:\Users\User\.jdks\openjdk-18.0.1.1\bin\server;C:\Program Files\JetBrains\IntelliJ IDEA 2022.1.3\bin

VM Arguments:
jvm_args: -XX:TieredStopAtLevel=1 -Xverify:none -Dspring.output.ansi.enabled=always -Dcom.sun.management.jmxremote -Dspring.jmx.enabled=true -Dspring.liveBeansView.mbeanDomain -Dspring.application.admin.enabled=true -javaagent:C:\Program Files\JetBrains\IntelliJ IDEA 2022.1.3\lib\idea_rt.jar=62362:C:\Program Files\JetBrains\IntelliJ IDEA 2022.1.3\bin -Dfile.encoding=UTF-8 
java_command: spring.postgres.app.spring.project.Application
java_class_path (initial): C:\Users\User\Desktop\spring.project\target\classes;C:\Users\User\.m2\repository\org\springframework\boot\spring-boot-starter-data-jpa\2.7.1\spring-boot-starter-data-jpa-2.7.1.jar;C:\Users\User\.m2\repository\org\springframework\boot\spring-boot-starter-aop\2.7.1\spring-boot-starter-aop-2.7.1.jar;C:\Users\User\.m2\repository\org\springframework\spring-aop\5.3.21\spring-aop-5.3.21.jar;C:\Users\User\.m2\repository\org\aspectj\aspectjweaver\1.9.7\aspectjweaver-1.9.7.jar;C:\Users\User\.m2\repository\org\springframework\boot\spring-boot-starter-jdbc\2.7.1\spring-boot-starter-jdbc-2.7.1.jar;C:\Users\User\.m2\repository\com\zaxxer\HikariCP\4.0.3\HikariCP-4.0.3.jar;C:\Users\User\.m2\repository\org\springframework\spring-jdbc\5.3.21\spring-jdbc-5.3.21.jar;C:\Users\User\.m2\repository\jakarta\transaction\jakarta.transaction-api\1.3.3\jakarta.transaction-api-1.3.3.jar;C:\Users\User\.m2\repository\jakarta\persistence\jakarta.persistence-api\2.2.3\jakarta.persistence-api-2.2.3.jar;C:\Users\User\.m2\repository\org\hibernate\hibernate-core\5.6.9.Final\hibernate-core-5.6.9.Final.jar;C:\Users\User\.m2\repository\org\jboss\logging\jboss-logging\3.4.3.Final\jboss-logging-3.4.3.Final.jar;C:\Users\User\.m2\repository\net\bytebuddy\byte-buddy\1.12.11\byte-buddy-1.12.11.jar;C:\Users\User\.m2\repository\antlr\antlr\2.7.7\antlr-2.7.7.jar;C:\Users\User\.m2\repository\org\jboss\jandex\2.4.2.Final\jandex-2.4.2.Final.jar;C:\Users\User\.m2\repository\com\fasterxml\classmate\1.5.1\classmate-1.5.1.jar;C:\Users\User\.m2\repository\org\hibernate\common\hibernate-commons-annotations\5.1.2.Final\hibernate-commons-annotations-5.1.2.Final.jar;C:\Users\User\.m2\repository\org\glassfish\jaxb\jaxb-runtime\2.3.6\jaxb-runtime-2.3.6.jar;C:\Users\User\.m2\repository\org\glassfish\jaxb\txw2\2.3.6\txw2-2.3.6.jar;C:\Users\User\.m2\repository\com\sun\istack\istack-commons-runtime\3.0.12\istack-commons-runtime-3.0.12.jar;C:\Users\User\.m2\repository\com\sun\activation\jakarta.activation\1.2.2\jakarta.activation-1.2.2.jar;C:\Users\User\.m2\repository\org\springframework\data\spring-data-jpa\2.7.1\spring-data-jpa-2.7.1.jar;C:\Users\User\.m2\repository\org\springframework\data\spring-data-commons\2.7.1\spring-data-commons-2.7.1.jar;C:\Users\User\.m2\repository\org\springframework\spring-orm\5.3.21\spring-orm-5.3.21.jar;C:\Users\User\.m2\repository\org\springframework\spring-context\5.3.21\spring-context-5.3.21.jar;C:\Users\User\.m2\repository\org\springframework\spring-tx\5.3.21\spring-tx-5.3.21.jar;C:\Users\User\.m2\repository\org\springframework\spring-beans\5.3.21\spring-beans-5.3.21.jar;C:\Users\User\.m2\repository\org\slf4j\slf4j-api\1.7.36\slf4j-api-1.7.36.jar;C:\Users\User\.m2\repository\org\springframework\spring-aspects\5.3.21\spring-aspects-5.3.21.jar;C:\Users\User\.m2\repository\org\springframework\boot\spring-boot-starter-web\2.7.1\spring-boot-starter-web-2.7.1.jar;C:\Users\User\.m2\repository\org\springframework\boot\spring-boot-starter\2.7.1\spring-boot-starter-2.7.1.jar;C:\Users\User\.m2\repository\org\springframework\boot\spring-boot-starter-logging\2.7.1\spring-boot-starter-logging-2.7.1.jar;C:\Users\User\.m2\repository\ch\qos\logback\logback-classic\1.2.11\logback-classic-1.2.11.jar;C:\Users\User\.m2\repository\ch\qos\logback\logback-core\1.2.11\logback-core-1.2.11.jar;C:\Users\User\.m2\repository\org\apache\logging\log4j\log4j-to-slf4j\2.17.2\log4j-to-slf4j-2.17.2.jar;C:\Users\User\.m2\repository\org\apache\logging\log4j\log4j-api\2.17.2\log4j-api-2.17.2.jar;C:\Users\User\.m2\repository\org\slf4j\jul-to-slf4j\1.7.36\jul-to-slf4j-1.7.36.jar;C:\Users\User\.m2\repository\jakarta\annotation\jakarta.annotation-api\1.3.5\jakarta.annotation-api-1.3.5.jar;C:\Users\User\.m2\repository\org\yaml\snakeyaml\1.30\snakeyaml-1.30.jar;C:\Users\User\.m2\repository\org\springframework\boot\spring-boot-starter-json\2.7.1\spring-boot-starter-json-2.7.1.jar;C:\Users\User\.m2\repository\com\fasterxml\jackson\core\jackson-databind\2.13.3\jackson-databind-2.13.3.jar;C:\Users\User\.m2\repository\com\fasterxml\jackson\core\jackson-annotations\2.13.3\jackson-annotations-2.13.3.jar;C:\Users\User\.m2\repository\com\fasterxml\jackson\core\jackson-core\2.13.3\jackson-core-2.13.3.jar;C:\Users\User\.m2\repository\com\fasterxml\jackson\datatype\jackson-datatype-jdk8\2.13.3\jackson-datatype-jdk8-2.13.3.jar;C:\Users\User\.m2\repository\com\fasterxml\jackson\datatype\jackson-datatype-jsr310\2.13.3\jackson-datatype-jsr310-2.13.3.jar;C:\Users\User\.m2\repository\com\fasterxml\jackson\module\jackson-module-parameter-names\2.13.3\jackson-module-parameter-names-2.13.3.jar;C:\Users\User\.m2\repository\org\springframework\boot\spring-boot-starter-tomcat\2.7.1\spring-boot-starter-tomcat-2.7.1.jar;C:\Users\User\.m2\repository\org\apache\tomcat\embed\tomcat-embed-core\9.0.64\tomcat-embed-core-9.0.64.jar;C:\Users\User\.m2\repository\org\apache\tomcat\embed\tomcat-embed-el\9.0.64\tomcat-embed-el-9.0.64.jar;C:\Users\User\.m2\repository\org\apache\tomcat\embed\tomcat-embed-websocket\9.0.64\tomcat-embed-websocket-9.0.64.jar;C:\Users\User\.m2\repository\org\springframework\spring-web\5.3.21\spring-web-5.3.21.jar;C:\Users\User\.m2\repository\org\springframework\spring-webmvc\5.3.21\spring-webmvc-5.3.21.jar;C:\Users\User\.m2\repository\org\springframework\spring-expression\5.3.21\spring-expression-5.3.21.jar;C:\Users\User\.m2\repository\org\springframework\boot\spring-boot-devtools\2.7.1\spring-boot-devtools-2.7.1.jar;C:\Users\User\.m2\repository\org\springframework\boot\spring-boot\2.7.1\spring-boot-2.7.1.jar;C:\Users\User\.m2\repository\org\springframework\boot\spring-boot-autoconfigure\2.7.1\spring-boot-autoconfigure-2.7.1.jar;C:\Users\User\.m2\repository\org\postgresql\postgresql\42.3.6\postgresql-42.3.6.jar;C:\Users\User\.m2\repository\org\checkerframework\checker-qual\3.5.0\checker-qual-3.5.0.jar;C:\Users\User\.m2\repository\org\projectlombok\lombok\1.18.24\lombok-1.18.24.jar;C:\Users\User\.m2\repository\jakarta\xml\bind\jakarta.xml.bind-api\2.3.3\jakarta.xml.bind-api-2.3.3.jar;C:\Users\User\.m2\repository\jakarta\activation\jakarta.activation-api\1.2.2\jakarta.activation-api-1.2.2.jar;C:\Users\User\.m2\repository\org\springframework\spring-core\5.3.21\spring-core-5.3.21.jar;C:\Users\User\.m2\repository\org\springframework\spring-jcl\5.3.21\spring-jcl-5.3.21.jar
Launcher Type: SUN_STANDARD

[Global flags]
     intx CICompilerCount                          = 3                                         {product} {ergonomic}
     uint ConcGCThreads                            = 1                                         {product} {ergonomic}
     uint G1ConcRefinementThreads                  = 4                                         {product} {ergonomic}
   size_t G1HeapRegionSize                         = 1048576                                   {product} {ergonomic}
    uintx GCDrainStackTargetSize                   = 64                                        {product} {ergonomic}
   size_t InitialHeapSize                          = 134217728                                 {product} {ergonomic}
     bool ManagementServer                         = true                                      {product} {command line}
   size_t MarkStackSize                            = 4194304                                   {product} {ergonomic}
   size_t MaxHeapSize                              = 2124414976                                {product} {ergonomic}
   size_t MaxNewSize                               = 1274019840                                {product} {ergonomic}
   size_t MinHeapDeltaBytes                        = 1048576                                   {product} {ergonomic}
   size_t MinHeapSize                              = 8388608                                   {product} {ergonomic}
    uintx NonProfiledCodeHeapSize                  = 0                                      {pd product} {ergonomic}
     bool ProfileInterpreter                       = false                                  {pd product} {command line}
    uintx ProfiledCodeHeapSize                     = 0                                      {pd product} {ergonomic}
   size_t SoftMaxHeapSize                          = 2124414976                             {manageable} {ergonomic}
     intx TieredStopAtLevel                        = 1                                         {product} {command line}
     bool UseCompressedClassPointers               = true                           {product lp64_product} {ergonomic}
     bool UseCompressedOops                        = true                           {product lp64_product} {ergonomic}
     bool UseG1GC                                  = true                                      {product} {ergonomic}
     bool UseLargePagesIndividualAllocation        = false                                  {pd product} {ergonomic}

Logging:
Log output configuration:
 #0: stdout all=warning uptime,level,tags foldmultilines=false
 #1: stderr all=off uptime,level,tags foldmultilines=false

Environment Variables:
JAVA_HOME=C:\Users\User\AppData\Local\Programs\Eclipse Adoptium\jdk-17.0.2.8-hotspot\
PATH=C:\WINDOWS\system32;C:\WINDOWS;C:\WINDOWS\System32\Wbem;C:\WINDOWS\System32\WindowsPowerShell\v1.0\;C:\WINDOWS\System32\OpenSSH\;C:\Program Files\Git\cmd;C:\Program Files\nodejs\;C:\Python\Python310;C:\Program Files\Docker\Docker\resources\bin;C:\ProgramData\DockerDesktop\version-bin;C:\Program Files\apache-maven-3.8.6\bin;C:\Users\User\AppData\Local\Programs\Eclipse Adoptium\jdk-17.0.2.8-hotspot\bin;C:\Python\Python310\Scripts\;C:\Python\Python310\;C:\Program Files\MySQL\MySQL Shell 8.0\bin\;C:\Users\User\AppData\Local\Microsoft\WindowsApps;;C:\Users\User\AppData\Local\Programs\Microsoft VS Code\bin;C:\Users\User\AppData\Roaming\npm;C:\Program Files\JetBrains\IntelliJ IDEA 2022.1.3\bin;
USERNAME=User
OS=Windows_NT
PROCESSOR_IDENTIFIER=Intel64 Family 6 Model 69 Stepping 1, GenuineIntel



---------------  S Y S T E M  ---------------

OS:
 Windows 10 , 64 bit Build 19041 (10.0.19041.1741)
OS uptime: 2 days 22:24 hours
Hyper-V role detected

CPU: total 4 (initial active 4) (2 cores per cpu, 2 threads per core) family 6 model 69 stepping 1 microcode 0x25, cx8, cmov, fxsr, ht, mmx, sse, sse2, sse3, ssse3, sse4.1, sse4.2, popcnt, lzcnt, tsc, tscinvbit, avx, avx2, aes, erms, clmul, bmi1, bmi2, fma, vzeroupper, clflush, hv

Memory: 4k page, system-wide physical 8097M (492M free)
TotalPageFile size 32673M (AvailPageFile size 4M)
current process WorkingSet (physical memory assigned to process): 109M, peak: 109M
current process commit charge ("private bytes"): 231M, peak: 231M

vm_info: OpenJDK 64-Bit Server VM (18.0.1.1+2-6) for windows-amd64 JRE (18.0.1.1+2-6), built on Apr 25 2022 21:50:56 by "mach5one" with MS VC++ 16.8 / 16.9 (VS2019)

END.
