#
# There is insufficient memory for the Java Runtime Environment to continue.
# Native memory allocation (mmap) failed to map 65536 bytes for Failed to commit metaspace.
# Possible reasons:
#   The system is out of physical RAM or swap space
#   The process is running with CompressedOops enabled, and the Java Heap may be blocking the growth of the native heap
# Possible solutions:
#   Reduce memory load on the system
#   Increase physical memory or swap space
#   Check if swap backing store is full
#   Decrease Java heap size (-Xmx/-Xms)
#   Decrease number of Java threads
#   Decrease Java thread stack sizes (-Xss)
#   Set larger code cache with -XX:ReservedCodeCacheSize=
#   JVM is running with Unscaled Compressed Oops mode in which the Java heap is
#     placed in the first 4GB address space. The Java Heap base address is the
#     maximum limit for the native heap growth. Please use -XX:HeapBaseMinAddress
#     to set the Java Heap base and to place the Java Heap above 4GB virtual address.
# This output file may be truncated or incomplete.
#
#  Out of Memory Error (virtualSpaceNode.cpp:110), pid=17528, tid=14556
#
# JRE version: OpenJDK Runtime Environment (18.0.1.1+2) (build 18.0.1.1+2-6)
# Java VM: OpenJDK 64-Bit Server VM (18.0.1.1+2-6, mixed mode, emulated-client, sharing, tiered, compressed oops, compressed class ptrs, g1 gc, windows-amd64)
# No core dump will be written. Minidumps are not enabled by default on client versions of Windows
#

---------------  S U M M A R Y ------------

Command Line: -XX:TieredStopAtLevel=1 -Xverify:none -Dspring.output.ansi.enabled=always -Dcom.sun.management.jmxremote -Dspring.jmx.enabled=true -Dspring.liveBeansView.mbeanDomain -Dspring.application.admin.enabled=true -javaagent:C:\Program Files\JetBrains\IntelliJ IDEA 2022.1.3\lib\idea_rt.jar=62353:C:\Program Files\JetBrains\IntelliJ IDEA 2022.1.3\bin -Dfile.encoding=UTF-8 spring.postgres.app.spring.project.Application

Host: Intel(R) Core(TM) i7-4600U CPU @ 2.10GHz, 4 cores, 7G,  Windows 10 , 64 bit Build 19041 (10.0.19041.1741)
Time: Sat Jun 25 12:19:56 2022 W. Europe Daylight Time elapsed time: 1.852411 seconds (0d 0h 0m 1s)

---------------  T H R E A D  ---------------

Current thread (0x0000023b49e835a0):  JavaThread "background-preinit" [_thread_in_vm, id=14556, stack(0x00000055e9900000,0x00000055e9a00000)]

Stack: [0x00000055e9900000,0x00000055e9a00000]
Native frames: (J=compiled Java code, j=interpreted, Vv=VM code, C=native code)
V  [jvm.dll+0x69887a]
V  [jvm.dll+0x7f38bd]
V  [jvm.dll+0x7f51ce]
V  [jvm.dll+0x7f5883]
V  [jvm.dll+0x25ca3f]
V  [jvm.dll+0x7ef5cb]
V  [jvm.dll+0x63ea76]
V  [jvm.dll+0x1d721e]
V  [jvm.dll+0x64141b]
V  [jvm.dll+0x64121e]
V  [jvm.dll+0x63f43e]
V  [jvm.dll+0x38db92]
V  [jvm.dll+0x1fa02b]
V  [jvm.dll+0x55d6ae]
V  [jvm.dll+0x76db23]
V  [jvm.dll+0x76dc04]
V  [jvm.dll+0x42d234]
V  [jvm.dll+0x432f3f]
C  [java.dll+0x17ec]

Java frames: (J=compiled Java code, j=interpreted, Vv=VM code)
J 1280  java.lang.ClassLoader.defineClass1(Ljava/lang/ClassLoader;Ljava/lang/String;[BIILjava/security/ProtectionDomain;Ljava/lang/String;)Ljava/lang/Class; java.base@18.0.1.1 (0 bytes) @ 0x0000023b3b6938e3 [0x0000023b3b693820+0x00000000000000c3]
J 1329 c1 java.lang.ClassLoader.defineClass(Ljava/lang/String;[BIILjava/security/ProtectionDomain;)Ljava/lang/Class; java.base@18.0.1.1 (43 bytes) @ 0x0000023b3b6a97dc [0x0000023b3b6a96e0+0x00000000000000fc]
J 1319 c1 jdk.internal.loader.BuiltinClassLoader.defineClass(Ljava/lang/String;Ljdk/internal/loader/Resource;)Ljava/lang/Class; java.base@18.0.1.1 (121 bytes) @ 0x0000023b3b6a68e4 [0x0000023b3b6a6420+0x00000000000004c4]
J 1295 c1 jdk.internal.loader.BuiltinClassLoader.findClassOnClassPathOrNull(Ljava/lang/String;)Ljava/lang/Class; java.base@18.0.1.1 (64 bytes) @ 0x0000023b3b69a354 [0x0000023b3b69a0c0+0x0000000000000294]
J 1068 c1 jdk.internal.loader.BuiltinClassLoader.loadClassOrNull(Ljava/lang/String;Z)Ljava/lang/Class; java.base@18.0.1.1 (143 bytes) @ 0x0000023b3b63c58c [0x0000023b3b63c1e0+0x00000000000003ac]
J 1156 c1 jdk.internal.loader.ClassLoaders$AppClassLoader.loadClass(Ljava/lang/String;Z)Ljava/lang/Class; java.base@18.0.1.1 (40 bytes) @ 0x0000023b3b65effc [0x0000023b3b65efc0+0x000000000000003c]
J 1151 c1 java.lang.ClassLoader.loadClass(Ljava/lang/String;)Ljava/lang/Class; java.base@18.0.1.1 (7 bytes) @ 0x0000023b3b65d664 [0x0000023b3b65d620+0x0000000000000044]
v  ~StubRoutines::call_stub
j  com.fasterxml.jackson.databind.deser.BeanDeserializerFactory.<clinit>()V+17
v  ~StubRoutines::call_stub
j  com.fasterxml.jackson.databind.ObjectMapper.<init>(Lcom/fasterxml/jackson/core/JsonFactory;Lcom/fasterxml/jackson/databind/ser/DefaultSerializerProvider;Lcom/fasterxml/jackson/databind/deser/DefaultDeserializationContext;)V+254
j  com.fasterxml.jackson.databind.ObjectMapper.<init>()V+4
j  org.springframework.http.converter.json.Jackson2ObjectMapperBuilder.build()Lcom/fasterxml/jackson/databind/ObjectMapper;+83
j  org.springframework.http.converter.json.MappingJackson2HttpMessageConverter.<init>()V+4
j  org.springframework.http.converter.support.AllEncompassingFormHttpMessageConverter.<init>()V+59
j  org.springframework.boot.autoconfigure.BackgroundPreinitializer$MessageConverterInitializer.run()V+4
j  org.springframework.boot.autoconfigure.BackgroundPreinitializer$1.runSafely(Ljava/lang/Runnable;)V+1
j  org.springframework.boot.autoconfigure.BackgroundPreinitializer$1.run()V+33
j  java.lang.Thread.run()V+11 java.base@18.0.1.1
v  ~StubRoutines::call_stub

---------------  P R O C E S S  ---------------

Threads class SMR info:
_java_thread_list=0x0000023b49e22940, length=20, elements={
0x0000023b33969e80, 0x0000023b4515b860, 0x0000023b4515d160, 0x0000023b4516ee00,
0x0000023b45170910, 0x0000023b45171a50, 0x0000023b45172530, 0x0000023b45173e10,
0x0000023b45178710, 0x0000023b4513e220, 0x0000023b4521ea10, 0x0000023b49460050,
0x0000023b49778d60, 0x0000023b49779220, 0x0000023b498e4db0, 0x0000023b49ba1a80,
0x0000023b49b943b0, 0x0000023b49d3b6d0, 0x0000023b49d3a030, 0x0000023b49e835a0
}

Java Threads: ( => current thread )
  0x0000023b33969e80 JavaThread "main" [_thread_blocked, id=12452, stack(0x00000055e7b00000,0x00000055e7c00000)]
  0x0000023b4515b860 JavaThread "Reference Handler" daemon [_thread_blocked, id=18404, stack(0x00000055e8200000,0x00000055e8300000)]
  0x0000023b4515d160 JavaThread "Finalizer" daemon [_thread_blocked, id=18184, stack(0x00000055e8300000,0x00000055e8400000)]
  0x0000023b4516ee00 JavaThread "Signal Dispatcher" daemon [_thread_blocked, id=17708, stack(0x00000055e8400000,0x00000055e8500000)]
  0x0000023b45170910 JavaThread "Attach Listener" daemon [_thread_blocked, id=11436, stack(0x00000055e8500000,0x00000055e8600000)]
  0x0000023b45171a50 JavaThread "Service Thread" daemon [_thread_blocked, id=16008, stack(0x00000055e8600000,0x00000055e8700000)]
  0x0000023b45172530 JavaThread "Monitor Deflation Thread" daemon [_thread_blocked, id=4884, stack(0x00000055e8700000,0x00000055e8800000)]
  0x0000023b45173e10 JavaThread "C1 CompilerThread0" daemon [_thread_blocked, id=16144, stack(0x00000055e8800000,0x00000055e8900000)]
  0x0000023b45178710 JavaThread "Sweeper thread" daemon [_thread_blocked, id=17044, stack(0x00000055e8900000,0x00000055e8a00000)]
  0x0000023b4513e220 JavaThread "Common-Cleaner" daemon [_thread_blocked, id=14104, stack(0x00000055e8a00000,0x00000055e8b00000)]
  0x0000023b4521ea10 JavaThread "C1 CompilerThread1" daemon [_thread_blocked, id=14852, stack(0x00000055e8b00000,0x00000055e8c00000)]
  0x0000023b49460050 JavaThread "C1 CompilerThread2" daemon [_thread_blocked, id=1648, stack(0x00000055e8c00000,0x00000055e8d00000)]
  0x0000023b49778d60 JavaThread "Monitor Ctrl-Break" daemon [_thread_in_native, id=1876, stack(0x00000055e8d00000,0x00000055e8e00000)]
  0x0000023b49779220 JavaThread "Notification Thread" daemon [_thread_blocked, id=7896, stack(0x00000055e8e00000,0x00000055e8f00000)]
  0x0000023b498e4db0 JavaThread "RMI TCP Accept-0" daemon [_thread_in_native, id=17324, stack(0x00000055e8f00000,0x00000055e9000000)]
  0x0000023b49ba1a80 JavaThread "RMI TCP Connection(1)-172.30.32.1" daemon [_thread_in_native, id=9092, stack(0x00000055e9500000,0x00000055e9600000)]
  0x0000023b49b943b0 JavaThread "RMI Scheduler(0)" daemon [_thread_blocked, id=18264, stack(0x00000055e9600000,0x00000055e9700000)]
  0x0000023b49d3b6d0 JavaThread "Thread-0" [_thread_blocked, id=8704, stack(0x00000055e9700000,0x00000055e9800000)]
  0x0000023b49d3a030 JavaThread "restartedMain" [_thread_in_vm, id=15348, stack(0x00000055e9800000,0x00000055e9900000)]
=>0x0000023b49e835a0 JavaThread "background-preinit" [_thread_in_vm, id=14556, stack(0x00000055e9900000,0x00000055e9a00000)]

Other Threads:
  0x0000023b451540b0 VMThread "VM Thread" [stack: 0x00000055e8100000,0x00000055e8200000] [id=992]
  0x0000023b49a18e50 WatcherThread "VM Periodic Task Thread" [stack: 0x00000055e9000000,0x00000055e9100000] [id=1312]
  0x0000023b339ca8b0 WorkerThread "GC Thread#0" [stack: 0x00000055e7c00000,0x00000055e7d00000] [id=8832]
  0x0000023b49a4f8a0 WorkerThread "GC Thread#1" [stack: 0x00000055e9100000,0x00000055e9200000] [id=7228]
  0x0000023b49a4fb40 WorkerThread "GC Thread#2" [stack: 0x00000055e9200000,0x00000055e9300000] [id=14668]
  0x0000023b49ab5b30 WorkerThread "GC Thread#3" [stack: 0x00000055e9300000,0x00000055e9400000] [id=16688]
  0x0000023b339db520 ConcurrentGCThread "G1 Main Marker" [stack: 0x00000055e7d00000,0x00000055e7e00000] [id=11680]
  0x0000023b339dbf10 WorkerThread "G1 Conc#0" [stack: 0x00000055e7e00000,0x00000055e7f00000] [id=18336]
  0x0000023b33a19290 ConcurrentGCThread "G1 Refine#0" [stack: 0x00000055e7f00000,0x00000055e8000000] [id=11576]
  0x0000023b4952ab70 ConcurrentGCThread "G1 Refine#1" [stack: 0x00000055e9400000,0x00000055e9500000] [id=13556]
  0x0000023b33a19ba0 ConcurrentGCThread "G1 Service" [stack: 0x00000055e8000000,0x00000055e8100000] [id=4544]

Threads with active compile tasks:

VM state: not at safepoint (normal execution)

VM Mutex/Monitor currently owned by a thread:  ([mutex/lock_event])
[0x0000023b3189eda0] Metaspace_lock - owner thread: 0x0000023b49e835a0

Heap address: 0x0000000081600000, size: 2026 MB, Compressed Oops mode: 32-bit

CDS archive(s) mapped at: [0x0000000800000000-0x0000000800b90000-0x0000000800b90000), size 12124160, SharedBaseAddress: 0x0000000800000000, ArchiveRelocationMode: 0.
Compressed class space mapped at: 0x0000000800c00000-0x0000000840c00000, reserved size: 1073741824
Narrow klass base: 0x0000000800000000, Narrow klass shift: 0, Narrow klass range: 0x100000000

GC Precious Log:
 CardTable entry size: 512
 Card Set container configuration: InlinePtr #cards 5 size 8 Array Of Cards #cards 12 size 40 Howl #buckets 4 coarsen threshold 1843 Howl Bitmap #cards 512 size 80 coarsen threshold 460 Card regions per heap region 1 cards per card region 2048
 CPUs: 4 total, 4 available
 Memory: 8097M
 Large Page Support: Disabled
 NUMA Support: Disabled
 Compressed Oops: Enabled (32-bit)
 Heap Region Size: 1M
 Heap Min Capacity: 8M
 Heap Initial Capacity: 128M
 Heap Max Capacity: 2026M
 Pre-touch: Disabled
 Parallel Workers: 4
 Concurrent Workers: 1
 Concurrent Refinement Workers: 4
 Periodic GC: Disabled

Heap:
 garbage-first heap   total 131072K, used 9751K [0x0000000081600000, 0x0000000100000000)
  region size 1024K, 5 young (5120K), 4 survivors (4096K)
 Metaspace       used 13182K, committed 13440K, reserved 1114112K
  class space    used 1679K, committed 1792K, reserved 1048576K

Heap Regions: E=young(eden), S=young(survivor), O=old, HS=humongous(starts), HC=humongous(continues), CS=collection set, F=free, OA=open archive, CA=closed archive, TAMS=top-at-mark-start (previous, next)
|   0|0x0000000081600000, 0x0000000081700000, 0x0000000081700000|100%|HS|  |TAMS 0x0000000081600000, 0x0000000081600000| Complete 
|   1|0x0000000081700000, 0x0000000081800000, 0x0000000081800000|100%| O|  |TAMS 0x0000000081700000, 0x0000000081700000| Untracked 
|   2|0x0000000081800000, 0x0000000081900000, 0x0000000081900000|100%| O|  |TAMS 0x0000000081800000, 0x0000000081800000| Untracked 
|   3|0x0000000081900000, 0x0000000081a00000, 0x0000000081a00000|100%| O|  |TAMS 0x0000000081900000, 0x0000000081900000| Untracked 
|   4|0x0000000081a00000, 0x0000000081b00000, 0x0000000081b00000|100%| O|  |TAMS 0x0000000081a00000, 0x0000000081a00000| Untracked 
|   5|0x0000000081b00000, 0x0000000081c00000, 0x0000000081c00000|100%| O|  |TAMS 0x0000000081b00000, 0x0000000081b00000| Untracked 
|   6|0x0000000081c00000, 0x0000000081c64a00, 0x0000000081d00000| 39%| O|  |TAMS 0x0000000081c00000, 0x0000000081c00000| Untracked 
|   7|0x0000000081d00000, 0x0000000081d00000, 0x0000000081e00000|  0%| F|  |TAMS 0x0000000081d00000, 0x0000000081d00000| Untracked 
|   8|0x0000000081e00000, 0x0000000081e00000, 0x0000000081f00000|  0%| F|  |TAMS 0x0000000081e00000, 0x0000000081e00000| Untracked 
|   9|0x0000000081f00000, 0x0000000081f00000, 0x0000000082000000|  0%| F|  |TAMS 0x0000000081f00000, 0x0000000081f00000| Untracked 
|  10|0x0000000082000000, 0x0000000082000000, 0x0000000082100000|  0%| F|  |TAMS 0x0000000082000000, 0x0000000082000000| Untracked 
|  11|0x0000000082100000, 0x0000000082100000, 0x0000000082200000|  0%| F|  |TAMS 0x0000000082100000, 0x0000000082100000| Untracked 
|  12|0x0000000082200000, 0x0000000082200000, 0x0000000082300000|  0%| F|  |TAMS 0x0000000082200000, 0x0000000082200000| Untracked 
|  13|0x0000000082300000, 0x0000000082300000, 0x0000000082400000|  0%| F|  |TAMS 0x0000000082300000, 0x0000000082300000| Untracked 
|  14|0x0000000082400000, 0x0000000082400000, 0x0000000082500000|  0%| F|  |TAMS 0x0000000082400000, 0x0000000082400000| Untracked 
|  15|0x0000000082500000, 0x0000000082500000, 0x0000000082600000|  0%| F|  |TAMS 0x0000000082500000, 0x0000000082500000| Untracked 
|  16|0x0000000082600000, 0x0000000082600000, 0x0000000082700000|  0%| F|  |TAMS 0x0000000082600000, 0x0000000082600000| Untracked 
|  17|0x0000000082700000, 0x0000000082700000, 0x0000000082800000|  0%| F|  |TAMS 0x0000000082700000, 0x0000000082700000| Untracked 
|  18|0x0000000082800000, 0x0000000082800000, 0x0000000082900000|  0%| F|  |TAMS 0x0000000082800000, 0x0000000082800000| Untracked 
|  19|0x0000000082900000, 0x0000000082900000, 0x0000000082a00000|  0%| F|  |TAMS 0x0000000082900000, 0x0000000082900000| Untracked 
|  20|0x0000000082a00000, 0x0000000082a00000, 0x0000000082b00000|  0%| F|  |TAMS 0x0000000082a00000, 0x0000000082a00000| Untracked 
|  21|0x0000000082b00000, 0x0000000082b00000, 0x0000000082c00000|  0%| F|  |TAMS 0x0000000082b00000, 0x0000000082b00000| Untracked 
|  22|0x0000000082c00000, 0x0000000082c00000, 0x0000000082d00000|  0%| F|  |TAMS 0x0000000082c00000, 0x0000000082c00000| Untracked 
|  23|0x0000000082d00000, 0x0000000082d00000, 0x0000000082e00000|  0%| F|  |TAMS 0x0000000082d00000, 0x0000000082d00000| Untracked 
|  24|0x0000000082e00000, 0x0000000082e00000, 0x0000000082f00000|  0%| F|  |TAMS 0x0000000082e00000, 0x0000000082e00000| Untracked 
|  25|0x0000000082f00000, 0x0000000082f00000, 0x0000000083000000|  0%| F|  |TAMS 0x0000000082f00000, 0x0000000082f00000| Untracked 
|  26|0x0000000083000000, 0x0000000083000000, 0x0000000083100000|  0%| F|  |TAMS 0x0000000083000000, 0x0000000083000000| Untracked 
|  27|0x0000000083100000, 0x0000000083100000, 0x0000000083200000|  0%| F|  |TAMS 0x0000000083100000, 0x0000000083100000| Untracked 
|  28|0x0000000083200000, 0x0000000083200000, 0x0000000083300000|  0%| F|  |TAMS 0x0000000083200000, 0x0000000083200000| Untracked 
|  29|0x0000000083300000, 0x0000000083300000, 0x0000000083400000|  0%| F|  |TAMS 0x0000000083300000, 0x0000000083300000| Untracked 
|  30|0x0000000083400000, 0x0000000083400000, 0x0000000083500000|  0%| F|  |TAMS 0x0000000083400000, 0x0000000083400000| Untracked 
|  31|0x0000000083500000, 0x0000000083500000, 0x0000000083600000|  0%| F|  |TAMS 0x0000000083500000, 0x0000000083500000| Untracked 
|  32|0x0000000083600000, 0x0000000083600000, 0x0000000083700000|  0%| F|  |TAMS 0x0000000083600000, 0x0000000083600000| Untracked 
|  33|0x0000000083700000, 0x0000000083700000, 0x0000000083800000|  0%| F|  |TAMS 0x0000000083700000, 0x0000000083700000| Untracked 
|  34|0x0000000083800000, 0x0000000083800000, 0x0000000083900000|  0%| F|  |TAMS 0x0000000083800000, 0x0000000083800000| Untracked 
|  35|0x0000000083900000, 0x0000000083900000, 0x0000000083a00000|  0%| F|  |TAMS 0x0000000083900000, 0x0000000083900000| Untracked 
|  36|0x0000000083a00000, 0x0000000083a00000, 0x0000000083b00000|  0%| F|  |TAMS 0x0000000083a00000, 0x0000000083a00000| Untracked 
|  37|0x0000000083b00000, 0x0000000083b00000, 0x0000000083c00000|  0%| F|  |TAMS 0x0000000083b00000, 0x0000000083b00000| Untracked 
|  38|0x0000000083c00000, 0x0000000083c00000, 0x0000000083d00000|  0%| F|  |TAMS 0x0000000083c00000, 0x0000000083c00000| Untracked 
|  39|0x0000000083d00000, 0x0000000083d00000, 0x0000000083e00000|  0%| F|  |TAMS 0x0000000083d00000, 0x0000000083d00000| Untracked 
|  40|0x0000000083e00000, 0x0000000083e00000, 0x0000000083f00000|  0%| F|  |TAMS 0x0000000083e00000, 0x0000000083e00000| Untracked 
|  41|0x0000000083f00000, 0x0000000083f00000, 0x0000000084000000|  0%| F|  |TAMS 0x0000000083f00000, 0x0000000083f00000| Untracked 
|  42|0x0000000084000000, 0x0000000084000000, 0x0000000084100000|  0%| F|  |TAMS 0x0000000084000000, 0x0000000084000000| Untracked 
|  43|0x0000000084100000, 0x0000000084100000, 0x0000000084200000|  0%| F|  |TAMS 0x0000000084100000, 0x0000000084100000| Untracked 
|  44|0x0000000084200000, 0x0000000084200000, 0x0000000084300000|  0%| F|  |TAMS 0x0000000084200000, 0x0000000084200000| Untracked 
|  45|0x0000000084300000, 0x0000000084300000, 0x0000000084400000|  0%| F|  |TAMS 0x0000000084300000, 0x0000000084300000| Untracked 
|  46|0x0000000084400000, 0x0000000084400000, 0x0000000084500000|  0%| F|  |TAMS 0x0000000084400000, 0x0000000084400000| Untracked 
|  47|0x0000000084500000, 0x0000000084500000, 0x0000000084600000|  0%| F|  |TAMS 0x0000000084500000, 0x0000000084500000| Untracked 
|  48|0x0000000084600000, 0x0000000084600000, 0x0000000084700000|  0%| F|  |TAMS 0x0000000084600000, 0x0000000084600000| Untracked 
|  49|0x0000000084700000, 0x0000000084700000, 0x0000000084800000|  0%| F|  |TAMS 0x0000000084700000, 0x0000000084700000| Untracked 
|  50|0x0000000084800000, 0x0000000084800000, 0x0000000084900000|  0%| F|  |TAMS 0x0000000084800000, 0x0000000084800000| Untracked 
|  51|0x0000000084900000, 0x0000000084900000, 0x0000000084a00000|  0%| F|  |TAMS 0x0000000084900000, 0x0000000084900000| Untracked 
|  52|0x0000000084a00000, 0x0000000084a00000, 0x0000000084b00000|  0%| F|  |TAMS 0x0000000084a00000, 0x0000000084a00000| Untracked 
|  53|0x0000000084b00000, 0x0000000084b00000, 0x0000000084c00000|  0%| F|  |TAMS 0x0000000084b00000, 0x0000000084b00000| Untracked 
|  54|0x0000000084c00000, 0x0000000084c00000, 0x0000000084d00000|  0%| F|  |TAMS 0x0000000084c00000, 0x0000000084c00000| Untracked 
|  55|0x0000000084d00000, 0x0000000084d00000, 0x0000000084e00000|  0%| F|  |TAMS 0x0000000084d00000, 0x0000000084d00000| Untracked 
|  56|0x0000000084e00000, 0x0000000084e00000, 0x0000000084f00000|  0%| F|  |TAMS 0x0000000084e00000, 0x0000000084e00000| Untracked 
|  57|0x0000000084f00000, 0x0000000084f00000, 0x0000000085000000|  0%| F|  |TAMS 0x0000000084f00000, 0x0000000084f00000| Untracked 
|  58|0x0000000085000000, 0x0000000085000000, 0x0000000085100000|  0%| F|  |TAMS 0x0000000085000000, 0x0000000085000000| Untracked 
|  59|0x0000000085100000, 0x0000000085100000, 0x0000000085200000|  0%| F|  |TAMS 0x0000000085100000, 0x0000000085100000| Untracked 
|  60|0x0000000085200000, 0x0000000085200000, 0x0000000085300000|  0%| F|  |TAMS 0x0000000085200000, 0x0000000085200000| Untracked 
|  61|0x0000000085300000, 0x0000000085300000, 0x0000000085400000|  0%| F|  |TAMS 0x0000000085300000, 0x0000000085300000| Untracked 
|  62|0x0000000085400000, 0x0000000085400000, 0x0000000085500000|  0%| F|  |TAMS 0x0000000085400000, 0x0000000085400000| Untracked 
|  63|0x0000000085500000, 0x0000000085500000, 0x0000000085600000|  0%| F|  |TAMS 0x0000000085500000, 0x0000000085500000| Untracked 
|  64|0x0000000085600000, 0x0000000085600000, 0x0000000085700000|  0%| F|  |TAMS 0x0000000085600000, 0x0000000085600000| Untracked 
|  65|0x0000000085700000, 0x0000000085700000, 0x0000000085800000|  0%| F|  |TAMS 0x0000000085700000, 0x0000000085700000| Untracked 
|  66|0x0000000085800000, 0x0000000085800000, 0x0000000085900000|  0%| F|  |TAMS 0x0000000085800000, 0x0000000085800000| Untracked 
|  67|0x0000000085900000, 0x0000000085900000, 0x0000000085a00000|  0%| F|  |TAMS 0x0000000085900000, 0x0000000085900000| Untracked 
|  68|0x0000000085a00000, 0x0000000085a00000, 0x0000000085b00000|  0%| F|  |TAMS 0x0000000085a00000, 0x0000000085a00000| Untracked 
|  69|0x0000000085b00000, 0x0000000085b00000, 0x0000000085c00000|  0%| F|  |TAMS 0x0000000085b00000, 0x0000000085b00000| Untracked 
|  70|0x0000000085c00000, 0x0000000085c00000, 0x0000000085d00000|  0%| F|  |TAMS 0x0000000085c00000, 0x0000000085c00000| Untracked 
|  71|0x0000000085d00000, 0x0000000085d00000, 0x0000000085e00000|  0%| F|  |TAMS 0x0000000085d00000, 0x0000000085d00000| Untracked 
|  72|0x0000000085e00000, 0x0000000085e00000, 0x0000000085f00000|  0%| F|  |TAMS 0x0000000085e00000, 0x0000000085e00000| Untracked 
|  73|0x0000000085f00000, 0x0000000085f00000, 0x0000000086000000|  0%| F|  |TAMS 0x0000000085f00000, 0x0000000085f00000| Untracked 
|  74|0x0000000086000000, 0x0000000086000000, 0x0000000086100000|  0%| F|  |TAMS 0x0000000086000000, 0x0000000086000000| Untracked 
|  75|0x0000000086100000, 0x0000000086100000, 0x0000000086200000|  0%| F|  |TAMS 0x0000000086100000, 0x0000000086100000| Untracked 
|  76|0x0000000086200000, 0x0000000086200000, 0x0000000086300000|  0%| F|  |TAMS 0x0000000086200000, 0x0000000086200000| Untracked 
|  77|0x0000000086300000, 0x0000000086300000, 0x0000000086400000|  0%| F|  |TAMS 0x0000000086300000, 0x0000000086300000| Untracked 
|  78|0x0000000086400000, 0x0000000086400000, 0x0000000086500000|  0%| F|  |TAMS 0x0000000086400000, 0x0000000086400000| Untracked 
|  79|0x0000000086500000, 0x0000000086500000, 0x0000000086600000|  0%| F|  |TAMS 0x0000000086500000, 0x0000000086500000| Untracked 
|  80|0x0000000086600000, 0x0000000086600000, 0x0000000086700000|  0%| F|  |TAMS 0x0000000086600000, 0x0000000086600000| Untracked 
|  81|0x0000000086700000, 0x0000000086700000, 0x0000000086800000|  0%| F|  |TAMS 0x0000000086700000, 0x0000000086700000| Untracked 
|  82|0x0000000086800000, 0x0000000086800000, 0x0000000086900000|  0%| F|  |TAMS 0x0000000086800000, 0x0000000086800000| Untracked 
|  83|0x0000000086900000, 0x0000000086900000, 0x0000000086a00000|  0%| F|  |TAMS 0x0000000086900000, 0x0000000086900000| Untracked 
|  84|0x0000000086a00000, 0x0000000086a00000, 0x0000000086b00000|  0%| F|  |TAMS 0x0000000086a00000, 0x0000000086a00000| Untracked 
|  85|0x0000000086b00000, 0x0000000086b00000, 0x0000000086c00000|  0%| F|  |TAMS 0x0000000086b00000, 0x0000000086b00000| Untracked 
|  86|0x0000000086c00000, 0x0000000086c00000, 0x0000000086d00000|  0%| F|  |TAMS 0x0000000086c00000, 0x0000000086c00000| Untracked 
|  87|0x0000000086d00000, 0x0000000086d00000, 0x0000000086e00000|  0%| F|  |TAMS 0x0000000086d00000, 0x0000000086d00000| Untracked 
|  88|0x0000000086e00000, 0x0000000086e00000, 0x0000000086f00000|  0%| F|  |TAMS 0x0000000086e00000, 0x0000000086e00000| Untracked 
|  89|0x0000000086f00000, 0x0000000086f00000, 0x0000000087000000|  0%| F|  |TAMS 0x0000000086f00000, 0x0000000086f00000| Untracked 
|  90|0x0000000087000000, 0x0000000087000000, 0x0000000087100000|  0%| F|  |TAMS 0x0000000087000000, 0x0000000087000000| Untracked 
|  91|0x0000000087100000, 0x0000000087100000, 0x0000000087200000|  0%| F|  |TAMS 0x0000000087100000, 0x0000000087100000| Untracked 
|  92|0x0000000087200000, 0x0000000087200000, 0x0000000087300000|  0%| F|  |TAMS 0x0000000087200000, 0x0000000087200000| Untracked 
|  93|0x0000000087300000, 0x0000000087300000, 0x0000000087400000|  0%| F|  |TAMS 0x0000000087300000, 0x0000000087300000| Untracked 
|  94|0x0000000087400000, 0x0000000087400000, 0x0000000087500000|  0%| F|  |TAMS 0x0000000087400000, 0x0000000087400000| Untracked 
|  95|0x0000000087500000, 0x0000000087500000, 0x0000000087600000|  0%| F|  |TAMS 0x0000000087500000, 0x0000000087500000| Untracked 
|  96|0x0000000087600000, 0x0000000087600000, 0x0000000087700000|  0%| F|  |TAMS 0x0000000087600000, 0x0000000087600000| Untracked 
|  97|0x0000000087700000, 0x0000000087700000, 0x0000000087800000|  0%| F|  |TAMS 0x0000000087700000, 0x0000000087700000| Untracked 
|  98|0x0000000087800000, 0x0000000087800000, 0x0000000087900000|  0%| F|  |TAMS 0x0000000087800000, 0x0000000087800000| Untracked 
|  99|0x0000000087900000, 0x0000000087921230, 0x0000000087a00000| 12%| S|CS|TAMS 0x0000000087900000, 0x0000000087900000| Complete 
| 100|0x0000000087a00000, 0x0000000087b00000, 0x0000000087b00000|100%| S|CS|TAMS 0x0000000087a00000, 0x0000000087a00000| Complete 
| 101|0x0000000087b00000, 0x0000000087c00000, 0x0000000087c00000|100%| S|CS|TAMS 0x0000000087b00000, 0x0000000087b00000| Complete 
| 102|0x0000000087c00000, 0x0000000087d00000, 0x0000000087d00000|100%| S|CS|TAMS 0x0000000087c00000, 0x0000000087c00000| Complete 
| 103|0x0000000087d00000, 0x0000000087d00000, 0x0000000087e00000|  0%| F|  |TAMS 0x0000000087d00000, 0x0000000087d00000| Untracked 
| 104|0x0000000087e00000, 0x0000000087e00000, 0x0000000087f00000|  0%| F|  |TAMS 0x0000000087e00000, 0x0000000087e00000| Untracked 
| 105|0x0000000087f00000, 0x0000000087f00000, 0x0000000088000000|  0%| F|  |TAMS 0x0000000087f00000, 0x0000000087f00000| Untracked 
| 106|0x0000000088000000, 0x0000000088000000, 0x0000000088100000|  0%| F|  |TAMS 0x0000000088000000, 0x0000000088000000| Untracked 
| 107|0x0000000088100000, 0x0000000088100000, 0x0000000088200000|  0%| F|  |TAMS 0x0000000088100000, 0x0000000088100000| Untracked 
| 108|0x0000000088200000, 0x0000000088200000, 0x0000000088300000|  0%| F|  |TAMS 0x0000000088200000, 0x0000000088200000| Untracked 
| 109|0x0000000088300000, 0x0000000088300000, 0x0000000088400000|  0%| F|  |TAMS 0x0000000088300000, 0x0000000088300000| Untracked 
| 110|0x0000000088400000, 0x0000000088400000, 0x0000000088500000|  0%| F|  |TAMS 0x0000000088400000, 0x0000000088400000| Untracked 
| 111|0x0000000088500000, 0x0000000088500000, 0x0000000088600000|  0%| F|  |TAMS 0x0000000088500000, 0x0000000088500000| Untracked 
| 112|0x0000000088600000, 0x0000000088600000, 0x0000000088700000|  0%| F|  |TAMS 0x0000000088600000, 0x0000000088600000| Untracked 
| 113|0x0000000088700000, 0x0000000088700000, 0x0000000088800000|  0%| F|  |TAMS 0x0000000088700000, 0x0000000088700000| Untracked 
| 114|0x0000000088800000, 0x0000000088800000, 0x0000000088900000|  0%| F|  |TAMS 0x0000000088800000, 0x0000000088800000| Untracked 
| 115|0x0000000088900000, 0x0000000088900000, 0x0000000088a00000|  0%| F|  |TAMS 0x0000000088900000, 0x0000000088900000| Untracked 
| 116|0x0000000088a00000, 0x0000000088a00000, 0x0000000088b00000|  0%| F|  |TAMS 0x0000000088a00000, 0x0000000088a00000| Untracked 
| 117|0x0000000088b00000, 0x0000000088b00000, 0x0000000088c00000|  0%| F|  |TAMS 0x0000000088b00000, 0x0000000088b00000| Untracked 
| 118|0x0000000088c00000, 0x0000000088c00000, 0x0000000088d00000|  0%| F|  |TAMS 0x0000000088c00000, 0x0000000088c00000| Untracked 
| 119|0x0000000088d00000, 0x0000000088d00000, 0x0000000088e00000|  0%| F|  |TAMS 0x0000000088d00000, 0x0000000088d00000| Untracked 
| 120|0x0000000088e00000, 0x0000000088e00000, 0x0000000088f00000|  0%| F|  |TAMS 0x0000000088e00000, 0x0000000088e00000| Untracked 
| 121|0x0000000088f00000, 0x0000000088f00000, 0x0000000089000000|  0%| F|  |TAMS 0x0000000088f00000, 0x0000000088f00000| Untracked 
| 122|0x0000000089000000, 0x0000000089000000, 0x0000000089100000|  0%| F|  |TAMS 0x0000000089000000, 0x0000000089000000| Untracked 
| 123|0x0000000089100000, 0x0000000089100000, 0x0000000089200000|  0%| F|  |TAMS 0x0000000089100000, 0x0000000089100000| Untracked 
| 124|0x0000000089200000, 0x0000000089200000, 0x0000000089300000|  0%| F|  |TAMS 0x0000000089200000, 0x0000000089200000| Untracked 
| 125|0x0000000089300000, 0x0000000089300000, 0x0000000089400000|  0%| F|  |TAMS 0x0000000089300000, 0x0000000089300000| Untracked 
| 126|0x0000000089400000, 0x0000000089400000, 0x0000000089500000|  0%| F|  |TAMS 0x0000000089400000, 0x0000000089400000| Untracked 
| 127|0x0000000089500000, 0x0000000089592518, 0x0000000089600000| 57%| E|  |TAMS 0x0000000089500000, 0x0000000089500000| Complete 

Card table byte_map: [0x0000023b3e6a0000,0x0000023b3eaa0000] _byte_map_base: 0x0000023b3e295000

Marking Bits (Prev, Next): (CMBitMap*) 0x0000023b339caeb0, (CMBitMap*) 0x0000023b339caef0
 Prev Bits: [0x0000023b3eea0000, 0x0000023b40e48000)
 Next Bits: [0x0000023b40e50000, 0x0000023b42df8000)

Polling page: 0x0000023b31860000

Metaspace:

Usage:
  Non-class:     11.23 MB used.
      Class:      1.64 MB used.
       Both:     12.87 MB used.

Virtual space:
  Non-class space:       64.00 MB reserved,      11.38 MB ( 18%) committed,  1 nodes.
      Class space:        1.00 GB reserved,       1.75 MB ( <1%) committed,  1 nodes.
             Both:        1.06 GB reserved,      13.12 MB (  1%) committed. 

Chunk freelists:
   Non-Class:  656.00 KB
       Class:  2.17 MB
        Both:  2.81 MB

MaxMetaspaceSize: unlimited
CompressedClassSpaceSize: 1.00 GB
Initial GC threshold: 21.00 MB
Current GC threshold: 21.00 MB
CDS: on
MetaspaceReclaimPolicy: balanced
 - commit_granule_bytes: 65536.
 - commit_granule_words: 8192.
 - virtual_space_node_default_size: 8388608.
 - enlarge_chunks_in_place: 1.
 - new_chunks_are_fully_committed: 0.
 - uncommit_free_chunks: 1.
 - use_allocation_guard: 0.


Internal statistics:

num_allocs_failed_limit: 0.
num_arena_births: 322.
num_arena_deaths: 0.
num_vsnodes_births: 2.
num_vsnodes_deaths: 0.
num_space_committed: 210.
num_space_uncommitted: 0.
num_chunks_returned_to_freelist: 0.
num_chunks_taken_from_freelist: 678.
num_chunk_merges: 0.
num_chunk_splits: 440.
num_chunks_enlarged: 298.
num_inconsistent_stats: 0.

CodeCache: size=49152Kb used=5344Kb max_used=5344Kb free=43807Kb
 bounds [0x0000023b3b2a0000, 0x0000023b3b7e0000, 0x0000023b3e2a0000]
 total_blobs=2580 nmethods=2098 adapters=407
 compilation: enabled
              stopped_count=0, restarted_count=0
 full_count=0

Compilation events (20 events):
Event: 1.845 Thread 0x0000023b45173e10 nmethod 2085 0x0000023b3b7cfd90 code [0x0000023b3b7cff20, 0x0000023b3b7d00b8]
Event: 1.845 Thread 0x0000023b45173e10 2086       1       java.lang.invoke.MethodHandleNatives$CallSiteContext::run (5 bytes)
Event: 1.846 Thread 0x0000023b49460050 nmethod 2083 0x0000023b3b7d0110 code [0x0000023b3b7d0300, 0x0000023b3b7d07b8]
Event: 1.846 Thread 0x0000023b45173e10 nmethod 2086 0x0000023b3b7d0a90 code [0x0000023b3b7d0c20, 0x0000023b3b7d0d08]
Event: 1.846 Thread 0x0000023b45173e10 2088       1       java.util.ArrayList::contains (14 bytes)
Event: 1.846 Thread 0x0000023b49460050 2089       1       java.util.ArrayList::indexOf (11 bytes)
Event: 1.846 Thread 0x0000023b49460050 nmethod 2089 0x0000023b3b7d0d90 code [0x0000023b3b7d0f20, 0x0000023b3b7d1008]
Event: 1.846 Thread 0x0000023b45173e10 nmethod 2088 0x0000023b3b7d1090 code [0x0000023b3b7d1220, 0x0000023b3b7d1328]
Event: 1.846 Thread 0x0000023b49460050 2090       1       java.util.ArrayList::indexOfRange (71 bytes)
Event: 1.847 Thread 0x0000023b45173e10 2091       1       java.lang.invoke.LambdaForm$MH/0x0000000800c01800::invoke (25 bytes)
Event: 1.847 Thread 0x0000023b49460050 nmethod 2090 0x0000023b3b7d1410 code [0x0000023b3b7d15c0, 0x0000023b3b7d1808]
Event: 1.847 Thread 0x0000023b45173e10 nmethod 2091 0x0000023b3b7d6190 code [0x0000023b3b7d6340, 0x0000023b3b7d64b8]
Event: 1.847 Thread 0x0000023b4521ea10 nmethod 2081 0x0000023b3b7d1990 code [0x0000023b3b7d1f00, 0x0000023b3b7d3c18]
Event: 1.848 Thread 0x0000023b45173e10 2092       1       java.lang.System$2::getEnumConstantsShared (8 bytes)
Event: 1.848 Thread 0x0000023b45173e10 nmethod 2092 0x0000023b3b7d6590 code [0x0000023b3b7d6720, 0x0000023b3b7d6848]
Event: 1.850 Thread 0x0000023b4521ea10 2093       1       java.util.Collections$EmptyMap::values (4 bytes)
Event: 1.850 Thread 0x0000023b45173e10 2094       1       java.util.Collections$EmptySet::toArray (11 bytes)
Event: 1.850 Thread 0x0000023b4521ea10 nmethod 2093 0x0000023b3b7d6910 code [0x0000023b3b7d6aa0, 0x0000023b3b7d6b78]
Event: 1.850 Thread 0x0000023b4521ea10 2095       1       java.lang.reflect.Method::hashCode (19 bytes)
Event: 1.850 Thread 0x0000023b45173e10 nmethod 2094 0x0000023b3b7d6c10 code [0x0000023b3b7d6da0, 0x0000023b3b7d6eb8]

GC Heap History (6 events):
Event: 0.945 GC heap before
{Heap before GC invocations=0 (full 0):
 garbage-first heap   total 131072K, used 13312K [0x0000000081600000, 0x0000000100000000)
  region size 1024K, 13 young (13312K), 0 survivors (0K)
 Metaspace       used 5215K, committed 5440K, reserved 1114112K
  class space    used 595K, committed 704K, reserved 1048576K
}
Event: 0.965 GC heap after
{Heap after GC invocations=1 (full 0):
 garbage-first heap   total 131072K, used 6380K [0x0000000081600000, 0x0000000100000000)
  region size 1024K, 2 young (2048K), 2 survivors (2048K)
 Metaspace       used 5215K, committed 5440K, reserved 1114112K
  class space    used 595K, committed 704K, reserved 1048576K
}
Event: 1.279 GC heap before
{Heap before GC invocations=1 (full 0):
 garbage-first heap   total 131072K, used 17644K [0x0000000081600000, 0x0000000100000000)
  region size 1024K, 14 young (14336K), 2 survivors (2048K)
 Metaspace       used 7665K, committed 7936K, reserved 1114112K
  class space    used 926K, committed 1024K, reserved 1048576K
}
Event: 1.284 GC heap after
{Heap after GC invocations=2 (full 0):
 garbage-first heap   total 131072K, used 8118K [0x0000000081600000, 0x0000000100000000)
  region size 1024K, 2 young (2048K), 2 survivors (2048K)
 Metaspace       used 7665K, committed 7936K, reserved 1114112K
  class space    used 926K, committed 1024K, reserved 1048576K
}
Event: 1.839 GC heap before
{Heap before GC invocations=2 (full 0):
 garbage-first heap   total 131072K, used 30646K [0x0000000081600000, 0x0000000100000000)
  region size 1024K, 25 young (25600K), 2 survivors (2048K)
 Metaspace       used 13082K, committed 13376K, reserved 1114112K
  class space    used 1672K, committed 1792K, reserved 1048576K
}
Event: 1.845 GC heap after
{Heap after GC invocations=3 (full 0):
 garbage-first heap   total 131072K, used 9751K [0x0000000081600000, 0x0000000100000000)
  region size 1024K, 4 young (4096K), 4 survivors (4096K)
 Metaspace       used 13082K, committed 13376K, reserved 1114112K
  class space    used 1672K, committed 1792K, reserved 1048576K
}

Deoptimization events (4 events):
Event: 1.094 Thread 0x0000023b33969e80 DEOPT PACKING pc=0x0000023b3b57aaf5 sp=0x00000055e7bfd970
Event: 1.094 Thread 0x0000023b33969e80 DEOPT UNPACKING pc=0x0000023b3b2f2b43 sp=0x00000055e7bfcdc8 mode 3
Event: 1.833 Thread 0x0000023b49d3a030 DEOPT PACKING pc=0x0000023b3b7cb399 sp=0x00000055e98fd390
Event: 1.833 Thread 0x0000023b49d3a030 DEOPT UNPACKING pc=0x0000023b3b2f2b43 sp=0x00000055e98fc870 mode 3

Classes loaded (20 events):
Event: 1.750 Loading class jdk/xml/internal/XMLSecurityManager$Limit
Event: 1.750 Loading class jdk/xml/internal/XMLSecurityManager$Limit done
Event: 1.751 Loading class jdk/xml/internal/XMLSecurityManager$Processor
Event: 1.751 Loading class jdk/xml/internal/XMLSecurityManager$Processor done
Event: 1.751 Loading class jdk/xml/internal/XMLSecurityManager$NameMap
Event: 1.751 Loading class jdk/xml/internal/XMLSecurityManager$NameMap done
Event: 1.751 Loading class jdk/xml/internal/JdkProperty
Event: 1.751 Loading class jdk/xml/internal/JdkProperty done
Event: 1.768 Loading class java/beans/Transient
Event: 1.768 Loading class java/beans/Transient done
Event: 1.768 Loading class java/beans/ConstructorProperties
Event: 1.768 Loading class java/beans/ConstructorProperties done
Event: 1.793 Loading class java/util/concurrent/atomic/AtomicReference
Event: 1.793 Loading class java/util/concurrent/atomic/AtomicReference done
Event: 1.797 Loading class jdk/internal/reflect/MethodHandleIntegerFieldAccessorImpl
Event: 1.798 Loading class jdk/internal/reflect/MethodHandleIntegerFieldAccessorImpl done
Event: 1.802 Loading class org/xml/sax/ErrorHandler
Event: 1.802 Loading class org/xml/sax/ErrorHandler done
Event: 1.823 Loading class java/lang/annotation/Repeatable
Event: 1.823 Loading class java/lang/annotation/Repeatable done

Classes unloaded (0 events):
No events

Classes redefined (0 events):
No events

Internal exceptions (20 events):
Event: 1.464 Thread 0x0000023b49d3a030 Exception <a 'java/lang/NoSuchMethodError'{0x00000000890efed8}: 'java.lang.Object java.lang.invoke.DirectMethodHandle$Holder.newInvokeSpecial(java.lang.Object, java.lang.Object, java.lang.Object, java.lang.Object, java.lang.Object, java.lang.Object)'> (0x00000000890efed8) 
thrown [s\open\src\hotspot\share\interpreter\linkResolver.cpp, line 766]
Event: 1.492 Thread 0x0000023b49d3a030 Exception <a 'java/lang/NoSuchMethodError'{0x0000000088fa8848}: 'java.lang.Object java.lang.invoke.DirectMethodHandle$Holder.invokeSpecial(java.lang.Object, java.lang.Object, java.lang.Object, java.lang.Object, java.lang.Object, java.lang.Object, int)'> (0x0000000088fa8848) 
thrown [s\open\src\hotspot\share\interpreter\linkResolver.cpp, line 766]
Event: 1.492 Thread 0x0000023b49d3a030 Exception <a 'java/lang/NoSuchMethodError'{0x0000000088fb2de0}: 'java.lang.Object java.lang.invoke.DirectMethodHandle$Holder.newInvokeSpecial(java.lang.Object, java.lang.Object, java.lang.Object, java.lang.Object, java.lang.Object, java.lang.Object, int)'> (0x0000000088fb2de0) 
thrown [s\open\src\hotspot\share\interpreter\linkResolver.cpp, line 766]
Event: 1.493 Thread 0x0000023b49d3a030 Exception <a 'java/lang/NoSuchMethodError'{0x0000000088fb7e30}: 'java.lang.Object java.lang.invoke.DirectMethodHandle$Holder.invokeSpecial(java.lang.Object, java.lang.Object, java.lang.Object, java.lang.Object, java.lang.Object, java.lang.Object, java.lang.Object, int)'> (0x0000000088fb7e30) 
thrown [s\open\src\hotspot\share\interpreter\linkResolver.cpp, line 766]
Event: 1.562 Thread 0x0000023b49d3a030 Exception <a 'java/lang/NoSuchMethodError'{0x0000000088dbe718}: 'java.lang.Object java.lang.invoke.DirectMethodHandle$Holder.invokeSpecial(java.lang.Object, java.lang.Object, java.lang.Object, int, java.lang.Object)'> (0x0000000088dbe718) 
thrown [s\open\src\hotspot\share\interpreter\linkResolver.cpp, line 766]
Event: 1.563 Thread 0x0000023b49d3a030 Exception <a 'java/lang/NoSuchMethodError'{0x0000000088dc6cb0}: 'java.lang.Object java.lang.invoke.DirectMethodHandle$Holder.newInvokeSpecial(java.lang.Object, java.lang.Object, java.lang.Object, int, java.lang.Object)'> (0x0000000088dc6cb0) 
thrown [s\open\src\hotspot\share\interpreter\linkResolver.cpp, line 766]
Event: 1.564 Thread 0x0000023b49d3a030 Exception <a 'java/lang/NoSuchMethodError'{0x0000000088dce6a0}: 'java.lang.Object java.lang.invoke.Invokers$Holder.linkToTargetMethod(java.lang.Object, java.lang.Object, int, java.lang.Object, java.lang.Object)'> (0x0000000088dce6a0) 
thrown [s\open\src\hotspot\share\interpreter\linkResolver.cpp, line 766]
Event: 1.565 Thread 0x0000023b49d3a030 Exception <a 'java/lang/NoSuchMethodError'{0x0000000088dddf00}: 'java.lang.Object java.lang.invoke.DirectMethodHandle$Holder.newInvokeSpecial(java.lang.Object, int, java.lang.Object)'> (0x0000000088dddf00) 
thrown [s\open\src\hotspot\share\interpreter\linkResolver.cpp, line 766]
Event: 1.566 Thread 0x0000023b49d3a030 Exception <a 'java/lang/NoSuchMethodError'{0x0000000088de1ed8}: 'int java.lang.invoke.DirectMethodHandle$Holder.invokeSpecialIFC(java.lang.Object, java.lang.Object, java.lang.Object, java.lang.Object)'> (0x0000000088de1ed8) 
thrown [s\open\src\hotspot\share\interpreter\linkResolver.cpp, line 766]
Event: 1.591 Thread 0x0000023b49d3a030 Exception <a 'java/lang/NoSuchMethodError'{0x0000000088cb2920}: 'void java.lang.invoke.DirectMethodHandle$Holder.invokeInterface(java.lang.Object, java.lang.Object, java.lang.Object)'> (0x0000000088cb2920) 
thrown [s\open\src\hotspot\share\interpreter\linkResolver.cpp, line 766]
Event: 1.623 Thread 0x0000023b49d3a030 Exception <a 'java/lang/NoSuchMethodError'{0x0000000088b4d0f8}: 'java.lang.Object java.lang.invoke.DirectMethodHandle$Holder.invokeVirtual(java.lang.Object, java.lang.Object, java.lang.Object)'> (0x0000000088b4d0f8) 
thrown [s\open\src\hotspot\share\interpreter\linkResolver.cpp, line 766]
Event: 1.641 Thread 0x0000023b49d3a030 Exception <a 'java/lang/NoSuchMethodError'{0x0000000088be0f68}: 'void java.lang.invoke.DirectMethodHandle$Holder.invokeStatic(java.lang.Object, java.lang.Object, int)'> (0x0000000088be0f68) 
thrown [s\open\src\hotspot\share\interpreter\linkResolver.cpp, line 766]
Event: 1.643 Thread 0x0000023b49d3a030 Exception <a 'java/lang/NoSuchMethodError'{0x0000000088be8c80}: 'void java.lang.invoke.DirectMethodHandle$Holder.invokeStaticInit(java.lang.Object, java.lang.Object)'> (0x0000000088be8c80) 
thrown [s\open\src\hotspot\share\interpreter\linkResolver.cpp, line 766]
Event: 1.646 Thread 0x0000023b49d3a030 Exception <a 'java/lang/NoSuchMethodError'{0x0000000088a01768}: 'void java.lang.invoke.DirectMethodHandle$Holder.invokeStaticInit(java.lang.Object, java.lang.Object, java.lang.Object)'> (0x0000000088a01768) 
thrown [s\open\src\hotspot\share\interpreter\linkResolver.cpp, line 766]
Event: 1.659 Thread 0x0000023b49d3a030 Exception <a 'java/lang/NoSuchMethodError'{0x0000000088a4bf60}: 'void java.lang.invoke.DirectMethodHandle$Holder.invokeVirtual(java.lang.Object, java.lang.Object, java.lang.Object, java.lang.Object)'> (0x0000000088a4bf60) 
thrown [s\open\src\hotspot\share\interpreter\linkResolver.cpp, line 766]
Event: 1.697 Thread 0x0000023b49d3a030 Exception <a 'java/lang/NoSuchMethodError'{0x0000000088872ea8}: 'void java.lang.invoke.DirectMethodHandle$Holder.invokeSpecial(java.lang.Object, java.lang.Object, java.lang.Object, java.lang.Object, java.lang.Object)'> (0x0000000088872ea8) 
thrown [s\open\src\hotspot\share\interpreter\linkResolver.cpp, line 766]
Event: 1.703 Thread 0x0000023b49e835a0 Exception <a 'java/lang/NoClassDefFoundError'{0x00000000888aff08}: javax/validation/Validation> (0x00000000888aff08) 
thrown [s\open\src\hotspot\share\classfile\systemDictionary.cpp, line 244]
Event: 1.730 Thread 0x0000023b49e835a0 Exception <a 'java/lang/NoSuchMethodError'{0x00000000885ab250}: 'java.lang.Object java.lang.invoke.DirectMethodHandle$Holder.invokeStaticInit(java.lang.Object, java.lang.Object, java.lang.Object)'> (0x00000000885ab250) 
thrown [s\open\src\hotspot\share\interpreter\linkResolver.cpp, line 766]
Event: 1.731 Thread 0x0000023b49e835a0 Exception <a 'java/lang/NoSuchMethodError'{0x00000000885d47b8}: 'java.lang.Object java.lang.invoke.DirectMethodHandle$Holder.invokeStaticInit(java.lang.Object, java.lang.Object, java.lang.Object, java.lang.Object, java.lang.Object)'> (0x00000000885d47b8) 
thrown [s\open\src\hotspot\share\interpreter\linkResolver.cpp, line 766]
Event: 1.798 Thread 0x0000023b49d3a030 Exception <a 'java/lang/NoSuchMethodError'{0x000000008809c8b0}: 'int java.lang.invoke.Invokers$Holder.invokeExact_MT(java.lang.Object, java.lang.Object)'> (0x000000008809c8b0) 
thrown [s\open\src\hotspot\share\interpreter\linkResolver.cpp, line 766]

VM Operations (20 events):
Event: 0.945 Executing VM operation: G1CollectForAllocation
Event: 0.965 Executing VM operation: G1CollectForAllocation done
Event: 1.038 Executing VM operation: HandshakeAllThreads
Event: 1.038 Executing VM operation: HandshakeAllThreads done
Event: 1.153 Executing VM operation: HandshakeAllThreads
Event: 1.153 Executing VM operation: HandshakeAllThreads done
Event: 1.279 Executing VM operation: G1CollectForAllocation
Event: 1.284 Executing VM operation: G1CollectForAllocation done
Event: 1.304 Executing VM operation: HandshakeAllThreads
Event: 1.304 Executing VM operation: HandshakeAllThreads done
Event: 1.543 Executing VM operation: HandshakeAllThreads
Event: 1.543 Executing VM operation: HandshakeAllThreads done
Event: 1.713 Executing VM operation: HandshakeAllThreads
Event: 1.713 Executing VM operation: HandshakeAllThreads done
Event: 1.769 Executing VM operation: ICBufferFull
Event: 1.769 Executing VM operation: ICBufferFull done
Event: 1.839 Executing VM operation: G1CollectForAllocation
Event: 1.839 Executing VM operation: G1CollectForAllocation done
Event: 1.839 Executing VM operation: G1CollectForAllocation
Event: 1.845 Executing VM operation: G1CollectForAllocation done

Events (20 events):
Event: 0.272 Loaded shared library C:\Users\User\.jdks\openjdk-18.0.1.1\bin\instrument.dll
Event: 0.281 Loaded shared library C:\Users\User\.jdks\openjdk-18.0.1.1\bin\net.dll
Event: 0.283 Loaded shared library C:\Users\User\.jdks\openjdk-18.0.1.1\bin\nio.dll
Event: 0.288 Loaded shared library C:\Users\User\.jdks\openjdk-18.0.1.1\bin\zip.dll
Event: 0.390 Loaded shared library C:\Program Files\JetBrains\IntelliJ IDEA 2022.1.3\bin\breakgen64.dll
Event: 0.391 Thread 0x0000023b49778d60 Thread added: 0x0000023b49778d60
Event: 0.392 Thread 0x0000023b49779220 Thread added: 0x0000023b49779220
Event: 0.403 Loaded shared library C:\Users\User\.jdks\openjdk-18.0.1.1\bin\jimage.dll
Event: 0.461 Loaded shared library C:\Users\User\.jdks\openjdk-18.0.1.1\bin\management.dll
Event: 0.490 Loaded shared library C:\Users\User\.jdks\openjdk-18.0.1.1\bin\management_ext.dll
Event: 0.806 Thread 0x0000023b498e4db0 Thread added: 0x0000023b498e4db0
Event: 1.094 Thread 0x0000023b49ba1a80 Thread added: 0x0000023b49ba1a80
Event: 1.137 Thread 0x0000023b49b943b0 Thread added: 0x0000023b49b943b0
Event: 1.150 Thread 0x0000023b49b4ae40 Thread added: 0x0000023b49b4ae40
Event: 1.192 Thread 0x0000023b49b4ae40 Thread exited: 0x0000023b49b4ae40
Event: 1.240 Thread 0x0000023b49d3b6d0 Thread added: 0x0000023b49d3b6d0
Event: 1.248 Thread 0x0000023b49d3a030 Thread added: 0x0000023b49d3a030
Event: 1.700 Thread 0x0000023b49e835a0 Thread added: 0x0000023b49e835a0
Event: 1.706 Thread 0x0000023b49e865c0 Thread added: 0x0000023b49e865c0
Event: 1.713 Thread 0x0000023b49e865c0 Thread exited: 0x0000023b49e865c0


Dynamic libraries:
0x00007ff78dcb0000 - 0x00007ff78dcbe000 	C:\Users\User\.jdks\openjdk-18.0.1.1\bin\java.exe
0x00007ffb59cd0000 - 0x00007ffb59ec7000 	C:\WINDOWS\SYSTEM32\ntdll.dll
0x00007ffb59660000 - 0x00007ffb5971d000 	C:\WINDOWS\System32\KERNEL32.DLL
0x00007ffb574d0000 - 0x00007ffb5779d000 	C:\WINDOWS\System32\KERNELBASE.dll
0x00007ffb57c30000 - 0x00007ffb57d30000 	C:\WINDOWS\System32\ucrtbase.dll
0x00007ffb49030000 - 0x00007ffb4904a000 	C:\Users\User\.jdks\openjdk-18.0.1.1\bin\VCRUNTIME140.dll
0x00007ffb44970000 - 0x00007ffb44987000 	C:\Users\User\.jdks\openjdk-18.0.1.1\bin\jli.dll
0x00007ffb59af0000 - 0x00007ffb59c90000 	C:\WINDOWS\System32\USER32.dll
0x00007ffb574a0000 - 0x00007ffb574c2000 	C:\WINDOWS\System32\win32u.dll
0x00007ffb597c0000 - 0x00007ffb597ea000 	C:\WINDOWS\System32\GDI32.dll
0x00007ffb579e0000 - 0x00007ffb57aeb000 	C:\WINDOWS\System32\gdi32full.dll
0x00007ffb46520000 - 0x00007ffb467ba000 	C:\WINDOWS\WinSxS\amd64_microsoft.windows.common-controls_6595b64144ccf1df_6.0.19041.1110_none_60b5254171f9507e\COMCTL32.dll
0x00007ffb57af0000 - 0x00007ffb57b8d000 	C:\WINDOWS\System32\msvcp_win.dll
0x00007ffb59720000 - 0x00007ffb597be000 	C:\WINDOWS\System32\msvcrt.dll
0x00007ffb59630000 - 0x00007ffb59660000 	C:\WINDOWS\System32\IMM32.DLL
0x00007ffb510a0000 - 0x00007ffb510ac000 	C:\Users\User\.jdks\openjdk-18.0.1.1\bin\vcruntime140_1.dll
0x00007ffb2b050000 - 0x00007ffb2b0dd000 	C:\Users\User\.jdks\openjdk-18.0.1.1\bin\msvcp140.dll
0x00007ffb1d340000 - 0x00007ffb1df50000 	C:\Users\User\.jdks\openjdk-18.0.1.1\bin\server\jvm.dll
0x00007ffb59200000 - 0x00007ffb592ae000 	C:\WINDOWS\System32\ADVAPI32.dll
0x00007ffb594e0000 - 0x00007ffb5957c000 	C:\WINDOWS\System32\sechost.dll
0x00007ffb58bd0000 - 0x00007ffb58cf5000 	C:\WINDOWS\System32\RPCRT4.dll
0x00007ffb59390000 - 0x00007ffb59398000 	C:\WINDOWS\System32\PSAPI.DLL
0x00007ffb49830000 - 0x00007ffb49839000 	C:\WINDOWS\SYSTEM32\WSOCK32.dll
0x00007ffb47090000 - 0x00007ffb470b7000 	C:\WINDOWS\SYSTEM32\WINMM.dll
0x00007ffb58d00000 - 0x00007ffb58d6b000 	C:\WINDOWS\System32\WS2_32.dll
0x00007ffb47440000 - 0x00007ffb4744a000 	C:\WINDOWS\SYSTEM32\VERSION.dll
0x00007ffb552b0000 - 0x00007ffb552c2000 	C:\WINDOWS\SYSTEM32\kernel.appcore.dll
0x00007ffb49180000 - 0x00007ffb4918a000 	C:\Users\User\.jdks\openjdk-18.0.1.1\bin\jimage.dll
0x00007ffb43230000 - 0x00007ffb43414000 	C:\WINDOWS\SYSTEM32\DBGHELP.DLL
0x00007ffb431c0000 - 0x00007ffb431ec000 	C:\WINDOWS\SYSTEM32\dbgcore.DLL
0x00007ffb577f0000 - 0x00007ffb57872000 	C:\WINDOWS\System32\bcryptPrimitives.dll
0x00007ffb515d0000 - 0x00007ffb515de000 	C:\Users\User\.jdks\openjdk-18.0.1.1\bin\instrument.dll
0x00007ffb34e30000 - 0x00007ffb34e55000 	C:\Users\User\.jdks\openjdk-18.0.1.1\bin\java.dll
0x00007ffb2af70000 - 0x00007ffb2b046000 	C:\Users\User\.jdks\openjdk-18.0.1.1\bin\jsvml.dll
0x00007ffb57d30000 - 0x00007ffb58474000 	C:\WINDOWS\System32\SHELL32.dll
0x00007ffb554b0000 - 0x00007ffb55c44000 	C:\WINDOWS\SYSTEM32\windows.storage.dll
0x00007ffb58d70000 - 0x00007ffb590c4000 	C:\WINDOWS\System32\combase.dll
0x00007ffb56d70000 - 0x00007ffb56d9c000 	C:\WINDOWS\SYSTEM32\Wldp.dll
0x00007ffb58a00000 - 0x00007ffb58aad000 	C:\WINDOWS\System32\SHCORE.dll
0x00007ffb590d0000 - 0x00007ffb59125000 	C:\WINDOWS\System32\shlwapi.dll
0x00007ffb57330000 - 0x00007ffb5734f000 	C:\WINDOWS\SYSTEM32\profapi.dll
0x00007ffb34a80000 - 0x00007ffb34a98000 	C:\Users\User\.jdks\openjdk-18.0.1.1\bin\zip.dll
0x00007ffb39a90000 - 0x00007ffb39aa3000 	C:\Users\User\.jdks\openjdk-18.0.1.1\bin\net.dll
0x00007ffb477c0000 - 0x00007ffb478ca000 	C:\WINDOWS\SYSTEM32\WINHTTP.dll
0x00007ffb56b50000 - 0x00007ffb56bba000 	C:\WINDOWS\system32\mswsock.dll
0x00007ffb39900000 - 0x00007ffb39916000 	C:\Users\User\.jdks\openjdk-18.0.1.1\bin\nio.dll
0x00007ffb32c90000 - 0x00007ffb32caa000 	C:\Program Files\JetBrains\IntelliJ IDEA 2022.1.3\bin\breakgen64.dll
0x00007ffb56860000 - 0x00007ffb5692b000 	C:\WINDOWS\SYSTEM32\DNSAPI.dll
0x00007ffb56810000 - 0x00007ffb5684b000 	C:\WINDOWS\SYSTEM32\IPHLPAPI.DLL
0x00007ffb597f0000 - 0x00007ffb597f8000 	C:\WINDOWS\System32\NSI.dll
0x00007ffb46ec0000 - 0x00007ffb46eca000 	C:\Windows\System32\rasadhlp.dll
0x00007ffb479b0000 - 0x00007ffb47a30000 	C:\WINDOWS\System32\fwpuclnt.dll
0x00007ffb57b90000 - 0x00007ffb57bb7000 	C:\WINDOWS\System32\bcrypt.dll
0x00007ffb48020000 - 0x00007ffb48029000 	C:\Users\User\.jdks\openjdk-18.0.1.1\bin\management.dll
0x00007ffb46180000 - 0x00007ffb4618b000 	C:\Users\User\.jdks\openjdk-18.0.1.1\bin\management_ext.dll
0x00007ffb56f10000 - 0x00007ffb56f28000 	C:\WINDOWS\SYSTEM32\CRYPTSP.dll
0x00007ffb56480000 - 0x00007ffb564b4000 	C:\WINDOWS\system32\rsaenh.dll
0x00007ffb572f0000 - 0x00007ffb5731e000 	C:\WINDOWS\SYSTEM32\USERENV.dll
0x00007ffb56ce0000 - 0x00007ffb56cec000 	C:\WINDOWS\SYSTEM32\CRYPTBASE.dll
0x00007ffb4b5d0000 - 0x00007ffb4b5e7000 	C:\WINDOWS\SYSTEM32\dhcpcsvc6.DLL
0x00007ffb4b9b0000 - 0x00007ffb4b9cd000 	C:\WINDOWS\SYSTEM32\dhcpcsvc.DLL
0x00007ffb3ceb0000 - 0x00007ffb3cec7000 	C:\WINDOWS\system32\napinsp.dll
0x00007ffb3ce90000 - 0x00007ffb3ceab000 	C:\WINDOWS\system32\pnrpnsp.dll
0x00007ffb51cd0000 - 0x00007ffb51ce5000 	C:\WINDOWS\system32\wshbth.dll
0x00007ffb52a60000 - 0x00007ffb52a7d000 	C:\WINDOWS\system32\NLAapi.dll
0x00007ffb3ce70000 - 0x00007ffb3ce82000 	C:\WINDOWS\System32\winrnr.dll

dbghelp: loaded successfully - version: 4.0.5 - missing functions: none
symbol engine: initialized successfully - sym options: 0x614 - pdb path: .;C:\Users\User\.jdks\openjdk-18.0.1.1\bin;C:\WINDOWS\SYSTEM32;C:\WINDOWS\WinSxS\amd64_microsoft.windows.common-controls_6595b64144ccf1df_6.0.19041.1110_none_60b5254171f9507e;C:\Users\User\.jdks\openjdk-18.0.1.1\bin\server;C:\Program Files\JetBrains\IntelliJ IDEA 2022.1.3\bin

VM Arguments:
jvm_args: -XX:TieredStopAtLevel=1 -Xverify:none -Dspring.output.ansi.enabled=always -Dcom.sun.management.jmxremote -Dspring.jmx.enabled=true -Dspring.liveBeansView.mbeanDomain -Dspring.application.admin.enabled=true -javaagent:C:\Program Files\JetBrains\IntelliJ IDEA 2022.1.3\lib\idea_rt.jar=62353:C:\Program Files\JetBrains\IntelliJ IDEA 2022.1.3\bin -Dfile.encoding=UTF-8 
java_command: spring.postgres.app.spring.project.Application
java_class_path (initial): C:\Users\User\Desktop\spring.project\target\classes;C:\Users\User\.m2\repository\org\springframework\boot\spring-boot-starter-data-jpa\2.7.1\spring-boot-starter-data-jpa-2.7.1.jar;C:\Users\User\.m2\repository\org\springframework\boot\spring-boot-starter-aop\2.7.1\spring-boot-starter-aop-2.7.1.jar;C:\Users\User\.m2\repository\org\springframework\spring-aop\5.3.21\spring-aop-5.3.21.jar;C:\Users\User\.m2\repository\org\aspectj\aspectjweaver\1.9.7\aspectjweaver-1.9.7.jar;C:\Users\User\.m2\repository\org\springframework\boot\spring-boot-starter-jdbc\2.7.1\spring-boot-starter-jdbc-2.7.1.jar;C:\Users\User\.m2\repository\com\zaxxer\HikariCP\4.0.3\HikariCP-4.0.3.jar;C:\Users\User\.m2\repository\org\springframework\spring-jdbc\5.3.21\spring-jdbc-5.3.21.jar;C:\Users\User\.m2\repository\jakarta\transaction\jakarta.transaction-api\1.3.3\jakarta.transaction-api-1.3.3.jar;C:\Users\User\.m2\repository\jakarta\persistence\jakarta.persistence-api\2.2.3\jakarta.persistence-api-2.2.3.jar;C:\Users\User\.m2\repository\org\hibernate\hibernate-core\5.6.9.Final\hibernate-core-5.6.9.Final.jar;C:\Users\User\.m2\repository\org\jboss\logging\jboss-logging\3.4.3.Final\jboss-logging-3.4.3.Final.jar;C:\Users\User\.m2\repository\net\bytebuddy\byte-buddy\1.12.11\byte-buddy-1.12.11.jar;C:\Users\User\.m2\repository\antlr\antlr\2.7.7\antlr-2.7.7.jar;C:\Users\User\.m2\repository\org\jboss\jandex\2.4.2.Final\jandex-2.4.2.Final.jar;C:\Users\User\.m2\repository\com\fasterxml\classmate\1.5.1\classmate-1.5.1.jar;C:\Users\User\.m2\repository\org\hibernate\common\hibernate-commons-annotations\5.1.2.Final\hibernate-commons-annotations-5.1.2.Final.jar;C:\Users\User\.m2\repository\org\glassfish\jaxb\jaxb-runtime\2.3.6\jaxb-runtime-2.3.6.jar;C:\Users\User\.m2\repository\org\glassfish\jaxb\txw2\2.3.6\txw2-2.3.6.jar;C:\Users\User\.m2\repository\com\sun\istack\istack-commons-runtime\3.0.12\istack-commons-runtime-3.0.12.jar;C:\Users\User\.m2\repository\com\sun\activation\jakarta.activation\1.2.2\jakarta.activation-1.2.2.jar;C:\Users\User\.m2\repository\org\springframework\data\spring-data-jpa\2.7.1\spring-data-jpa-2.7.1.jar;C:\Users\User\.m2\repository\org\springframework\data\spring-data-commons\2.7.1\spring-data-commons-2.7.1.jar;C:\Users\User\.m2\repository\org\springframework\spring-orm\5.3.21\spring-orm-5.3.21.jar;C:\Users\User\.m2\repository\org\springframework\spring-context\5.3.21\spring-context-5.3.21.jar;C:\Users\User\.m2\repository\org\springframework\spring-tx\5.3.21\spring-tx-5.3.21.jar;C:\Users\User\.m2\repository\org\springframework\spring-beans\5.3.21\spring-beans-5.3.21.jar;C:\Users\User\.m2\repository\org\slf4j\slf4j-api\1.7.36\slf4j-api-1.7.36.jar;C:\Users\User\.m2\repository\org\springframework\spring-aspects\5.3.21\spring-aspects-5.3.21.jar;C:\Users\User\.m2\repository\org\springframework\boot\spring-boot-starter-web\2.7.1\spring-boot-starter-web-2.7.1.jar;C:\Users\User\.m2\repository\org\springframework\boot\spring-boot-starter\2.7.1\spring-boot-starter-2.7.1.jar;C:\Users\User\.m2\repository\org\springframework\boot\spring-boot-starter-logging\2.7.1\spring-boot-starter-logging-2.7.1.jar;C:\Users\User\.m2\repository\ch\qos\logback\logback-classic\1.2.11\logback-classic-1.2.11.jar;C:\Users\User\.m2\repository\ch\qos\logback\logback-core\1.2.11\logback-core-1.2.11.jar;C:\Users\User\.m2\repository\org\apache\logging\log4j\log4j-to-slf4j\2.17.2\log4j-to-slf4j-2.17.2.jar;C:\Users\User\.m2\repository\org\apache\logging\log4j\log4j-api\2.17.2\log4j-api-2.17.2.jar;C:\Users\User\.m2\repository\org\slf4j\jul-to-slf4j\1.7.36\jul-to-slf4j-1.7.36.jar;C:\Users\User\.m2\repository\jakarta\annotation\jakarta.annotation-api\1.3.5\jakarta.annotation-api-1.3.5.jar;C:\Users\User\.m2\repository\org\yaml\snakeyaml\1.30\snakeyaml-1.30.jar;C:\Users\User\.m2\repository\org\springframework\boot\spring-boot-starter-json\2.7.1\spring-boot-starter-json-2.7.1.jar;C:\Users\User\.m2\repository\com\fasterxml\jackson\core\jackson-databind\2.13.3\jackson-databind-2.13.3.jar;C:\Users\User\.m2\repository\com\fasterxml\jackson\core\jackson-annotations\2.13.3\jackson-annotations-2.13.3.jar;C:\Users\User\.m2\repository\com\fasterxml\jackson\core\jackson-core\2.13.3\jackson-core-2.13.3.jar;C:\Users\User\.m2\repository\com\fasterxml\jackson\datatype\jackson-datatype-jdk8\2.13.3\jackson-datatype-jdk8-2.13.3.jar;C:\Users\User\.m2\repository\com\fasterxml\jackson\datatype\jackson-datatype-jsr310\2.13.3\jackson-datatype-jsr310-2.13.3.jar;C:\Users\User\.m2\repository\com\fasterxml\jackson\module\jackson-module-parameter-names\2.13.3\jackson-module-parameter-names-2.13.3.jar;C:\Users\User\.m2\repository\org\springframework\boot\spring-boot-starter-tomcat\2.7.1\spring-boot-starter-tomcat-2.7.1.jar;C:\Users\User\.m2\repository\org\apache\tomcat\embed\tomcat-embed-core\9.0.64\tomcat-embed-core-9.0.64.jar;C:\Users\User\.m2\repository\org\apache\tomcat\embed\tomcat-embed-el\9.0.64\tomcat-embed-el-9.0.64.jar;C:\Users\User\.m2\repository\org\apache\tomcat\embed\tomcat-embed-websocket\9.0.64\tomcat-embed-websocket-9.0.64.jar;C:\Users\User\.m2\repository\org\springframework\spring-web\5.3.21\spring-web-5.3.21.jar;C:\Users\User\.m2\repository\org\springframework\spring-webmvc\5.3.21\spring-webmvc-5.3.21.jar;C:\Users\User\.m2\repository\org\springframework\spring-expression\5.3.21\spring-expression-5.3.21.jar;C:\Users\User\.m2\repository\org\springframework\boot\spring-boot-devtools\2.7.1\spring-boot-devtools-2.7.1.jar;C:\Users\User\.m2\repository\org\springframework\boot\spring-boot\2.7.1\spring-boot-2.7.1.jar;C:\Users\User\.m2\repository\org\springframework\boot\spring-boot-autoconfigure\2.7.1\spring-boot-autoconfigure-2.7.1.jar;C:\Users\User\.m2\repository\org\postgresql\postgresql\42.3.6\postgresql-42.3.6.jar;C:\Users\User\.m2\repository\org\checkerframework\checker-qual\3.5.0\checker-qual-3.5.0.jar;C:\Users\User\.m2\repository\org\projectlombok\lombok\1.18.24\lombok-1.18.24.jar;C:\Users\User\.m2\repository\jakarta\xml\bind\jakarta.xml.bind-api\2.3.3\jakarta.xml.bind-api-2.3.3.jar;C:\Users\User\.m2\repository\jakarta\activation\jakarta.activation-api\1.2.2\jakarta.activation-api-1.2.2.jar;C:\Users\User\.m2\repository\org\springframework\spring-core\5.3.21\spring-core-5.3.21.jar;C:\Users\User\.m2\repository\org\springframework\spring-jcl\5.3.21\spring-jcl-5.3.21.jar
Launcher Type: SUN_STANDARD

[Global flags]
     intx CICompilerCount                          = 3                                         {product} {ergonomic}
     uint ConcGCThreads                            = 1                                         {product} {ergonomic}
     uint G1ConcRefinementThreads                  = 4                                         {product} {ergonomic}
   size_t G1HeapRegionSize                         = 1048576                                   {product} {ergonomic}
    uintx GCDrainStackTargetSize                   = 64                                        {product} {ergonomic}
   size_t InitialHeapSize                          = 134217728                                 {product} {ergonomic}
     bool ManagementServer                         = true                                      {product} {command line}
   size_t MarkStackSize                            = 4194304                                   {product} {ergonomic}
   size_t MaxHeapSize                              = 2124414976                                {product} {ergonomic}
   size_t MaxNewSize                               = 1274019840                                {product} {ergonomic}
   size_t MinHeapDeltaBytes                        = 1048576                                   {product} {ergonomic}
   size_t MinHeapSize                              = 8388608                                   {product} {ergonomic}
    uintx NonProfiledCodeHeapSize                  = 0                                      {pd product} {ergonomic}
     bool ProfileInterpreter                       = false                                  {pd product} {command line}
    uintx ProfiledCodeHeapSize                     = 0                                      {pd product} {ergonomic}
   size_t SoftMaxHeapSize                          = 2124414976                             {manageable} {ergonomic}
     intx TieredStopAtLevel                        = 1                                         {product} {command line}
     bool UseCompressedClassPointers               = true                           {product lp64_product} {ergonomic}
     bool UseCompressedOops                        = true                           {product lp64_product} {ergonomic}
     bool UseG1GC                                  = true                                      {product} {ergonomic}
     bool UseLargePagesIndividualAllocation        = false                                  {pd product} {ergonomic}

Logging:
Log output configuration:
 #0: stdout all=warning uptime,level,tags foldmultilines=false
 #1: stderr all=off uptime,level,tags foldmultilines=false

Environment Variables:
JAVA_HOME=C:\Users\User\AppData\Local\Programs\Eclipse Adoptium\jdk-17.0.2.8-hotspot\
PATH=C:\WINDOWS\system32;C:\WINDOWS;C:\WINDOWS\System32\Wbem;C:\WINDOWS\System32\WindowsPowerShell\v1.0\;C:\WINDOWS\System32\OpenSSH\;C:\Program Files\Git\cmd;C:\Program Files\nodejs\;C:\Python\Python310;C:\Program Files\Docker\Docker\resources\bin;C:\ProgramData\DockerDesktop\version-bin;C:\Program Files\apache-maven-3.8.6\bin;C:\Users\User\AppData\Local\Programs\Eclipse Adoptium\jdk-17.0.2.8-hotspot\bin;C:\Python\Python310\Scripts\;C:\Python\Python310\;C:\Program Files\MySQL\MySQL Shell 8.0\bin\;C:\Users\User\AppData\Local\Microsoft\WindowsApps;;C:\Users\User\AppData\Local\Programs\Microsoft VS Code\bin;C:\Users\User\AppData\Roaming\npm;C:\Program Files\JetBrains\IntelliJ IDEA 2022.1.3\bin;
USERNAME=User
OS=Windows_NT
PROCESSOR_IDENTIFIER=Intel64 Family 6 Model 69 Stepping 1, GenuineIntel



---------------  S Y S T E M  ---------------

OS:
 Windows 10 , 64 bit Build 19041 (10.0.19041.1741)
OS uptime: 2 days 22:24 hours
Hyper-V role detected

CPU: total 4 (initial active 4) (2 cores per cpu, 2 threads per core) family 6 model 69 stepping 1 microcode 0x25, cx8, cmov, fxsr, ht, mmx, sse, sse2, sse3, ssse3, sse4.1, sse4.2, popcnt, lzcnt, tsc, tscinvbit, avx, avx2, aes, erms, clmul, bmi1, bmi2, fma, vzeroupper, clflush, hv

Memory: 4k page, system-wide physical 8097M (579M free)
TotalPageFile size 32673M (AvailPageFile size 4M)
current process WorkingSet (physical memory assigned to process): 94M, peak: 94M
current process commit charge ("private bytes"): 224M, peak: 224M

vm_info: OpenJDK 64-Bit Server VM (18.0.1.1+2-6) for windows-amd64 JRE (18.0.1.1+2-6), built on Apr 25 2022 21:50:56 by "mach5one" with MS VC++ 16.8 / 16.9 (VS2019)

END.
